[0.878s] Invoking command in '/home/dark/ros2_ws/src2/Project_PathBlazers/src/bots': DEBUGINFOD_URLS=https://debuginfod.ubuntu.com PYTHONPATH=/home/dark/ros2_ws/src2/Project_PathBlazers/src/build/bots/prefix_override:/usr/lib/python3/dist-packages/colcon_core/task/python/colcon_distutils_commands:/home/dark/ros2_ws/src2/Project_PathBlazers/src/install/bots/lib/python3.12/site-packages:${PYTHONPATH} /usr/bin/python3 -W ignore:setup.py install is deprecated -W ignore:easy_install command is deprecated setup.py egg_info --egg-base ../build/bots build --build-base /home/dark/ros2_ws/src2/Project_PathBlazers/src/build/bots/build install --record /home/dark/ros2_ws/src2/Project_PathBlazers/src/build/bots/install.log --single-version-externally-managed install_data
[1.070s] running egg_info
[1.070s] creating ../build/bots/bots.egg-info
[1.082s] writing ../build/bots/bots.egg-info/PKG-INFO
[1.083s] writing dependency_links to ../build/bots/bots.egg-info/dependency_links.txt
[1.083s] writing entry points to ../build/bots/bots.egg-info/entry_points.txt
[1.084s] writing requirements to ../build/bots/bots.egg-info/requires.txt
[1.084s] writing top-level names to ../build/bots/bots.egg-info/top_level.txt
[1.084s] writing manifest file '../build/bots/bots.egg-info/SOURCES.txt'
[1.111s] reading manifest file '../build/bots/bots.egg-info/SOURCES.txt'
[1.111s] writing manifest file '../build/bots/bots.egg-info/SOURCES.txt'
[1.111s] running build
[1.112s] running build_py
[1.112s] creating /home/dark/ros2_ws/src2/Project_PathBlazers/src/build/bots/build
[1.112s] creating /home/dark/ros2_ws/src2/Project_PathBlazers/src/build/bots/build/lib
[1.112s] creating /home/dark/ros2_ws/src2/Project_PathBlazers/src/build/bots/build/lib/bots
[1.112s] copying bots/__init__.py -> /home/dark/ros2_ws/src2/Project_PathBlazers/src/build/bots/build/lib/bots
[1.113s] creating /home/dark/ros2_ws/src2/Project_PathBlazers/src/build/bots/build/lib/bots/td3_rl
[1.113s] copying bots/td3_rl/analyze_training.py -> /home/dark/ros2_ws/src2/Project_PathBlazers/src/build/bots/build/lib/bots/td3_rl
[1.113s] copying bots/td3_rl/gazebo_env.py -> /home/dark/ros2_ws/src2/Project_PathBlazers/src/build/bots/build/lib/bots/td3_rl
[1.115s] copying bots/td3_rl/FakeOdomPublisher.py -> /home/dark/ros2_ws/src2/Project_PathBlazers/src/build/bots/build/lib/bots/td3_rl
[1.115s] copying bots/td3_rl/test_td3.py -> /home/dark/ros2_ws/src2/Project_PathBlazers/src/build/bots/build/lib/bots/td3_rl
[1.116s] copying bots/td3_rl/check_gz_interfaces.py -> /home/dark/ros2_ws/src2/Project_PathBlazers/src/build/bots/build/lib/bots/td3_rl
[1.116s] copying bots/td3_rl/train_td3.py -> /home/dark/ros2_ws/src2/Project_PathBlazers/src/build/bots/build/lib/bots/td3_rl
[1.116s] copying bots/td3_rl/replay_buffer.py -> /home/dark/ros2_ws/src2/Project_PathBlazers/src/build/bots/build/lib/bots/td3_rl
[1.116s] copying bots/td3_rl/__init__.py -> /home/dark/ros2_ws/src2/Project_PathBlazers/src/build/bots/build/lib/bots/td3_rl
[1.116s] copying bots/td3_rl/check_imports.py -> /home/dark/ros2_ws/src2/Project_PathBlazers/src/build/bots/build/lib/bots/td3_rl
[1.116s] running install
[1.121s] running install_lib
[1.134s] creating /home/dark/ros2_ws/src2/Project_PathBlazers/src/install/bots/lib/python3.12/site-packages/bots
[1.134s] copying /home/dark/ros2_ws/src2/Project_PathBlazers/src/build/bots/build/lib/bots/__init__.py -> /home/dark/ros2_ws/src2/Project_PathBlazers/src/install/bots/lib/python3.12/site-packages/bots
[1.134s] creating /home/dark/ros2_ws/src2/Project_PathBlazers/src/install/bots/lib/python3.12/site-packages/bots/td3_rl
[1.134s] copying /home/dark/ros2_ws/src2/Project_PathBlazers/src/build/bots/build/lib/bots/td3_rl/analyze_training.py -> /home/dark/ros2_ws/src2/Project_PathBlazers/src/install/bots/lib/python3.12/site-packages/bots/td3_rl
[1.134s] copying /home/dark/ros2_ws/src2/Project_PathBlazers/src/build/bots/build/lib/bots/td3_rl/gazebo_env.py -> /home/dark/ros2_ws/src2/Project_PathBlazers/src/install/bots/lib/python3.12/site-packages/bots/td3_rl
[1.134s] copying /home/dark/ros2_ws/src2/Project_PathBlazers/src/build/bots/build/lib/bots/td3_rl/FakeOdomPublisher.py -> /home/dark/ros2_ws/src2/Project_PathBlazers/src/install/bots/lib/python3.12/site-packages/bots/td3_rl
[1.134s] copying /home/dark/ros2_ws/src2/Project_PathBlazers/src/build/bots/build/lib/bots/td3_rl/test_td3.py -> /home/dark/ros2_ws/src2/Project_PathBlazers/src/install/bots/lib/python3.12/site-packages/bots/td3_rl
[1.134s] copying /home/dark/ros2_ws/src2/Project_PathBlazers/src/build/bots/build/lib/bots/td3_rl/check_gz_interfaces.py -> /home/dark/ros2_ws/src2/Project_PathBlazers/src/install/bots/lib/python3.12/site-packages/bots/td3_rl
[1.134s] copying /home/dark/ros2_ws/src2/Project_PathBlazers/src/build/bots/build/lib/bots/td3_rl/train_td3.py -> /home/dark/ros2_ws/src2/Project_PathBlazers/src/install/bots/lib/python3.12/site-packages/bots/td3_rl
[1.134s] copying /home/dark/ros2_ws/src2/Project_PathBlazers/src/build/bots/build/lib/bots/td3_rl/replay_buffer.py -> /home/dark/ros2_ws/src2/Project_PathBlazers/src/install/bots/lib/python3.12/site-packages/bots/td3_rl
[1.134s] copying /home/dark/ros2_ws/src2/Project_PathBlazers/src/build/bots/build/lib/bots/td3_rl/__init__.py -> /home/dark/ros2_ws/src2/Project_PathBlazers/src/install/bots/lib/python3.12/site-packages/bots/td3_rl
[1.134s] copying /home/dark/ros2_ws/src2/Project_PathBlazers/src/build/bots/build/lib/bots/td3_rl/check_imports.py -> /home/dark/ros2_ws/src2/Project_PathBlazers/src/install/bots/lib/python3.12/site-packages/bots/td3_rl
[1.135s] byte-compiling /home/dark/ros2_ws/src2/Project_PathBlazers/src/install/bots/lib/python3.12/site-packages/bots/__init__.py to __init__.cpython-312.pyc
[1.135s] byte-compiling /home/dark/ros2_ws/src2/Project_PathBlazers/src/install/bots/lib/python3.12/site-packages/bots/td3_rl/analyze_training.py to analyze_training.cpython-312.pyc
[1.136s] byte-compiling /home/dark/ros2_ws/src2/Project_PathBlazers/src/install/bots/lib/python3.12/site-packages/bots/td3_rl/gazebo_env.py to gazebo_env.cpython-312.pyc
[1.138s] byte-compiling /home/dark/ros2_ws/src2/Project_PathBlazers/src/install/bots/lib/python3.12/site-packages/bots/td3_rl/FakeOdomPublisher.py to FakeOdomPublisher.cpython-312.pyc
[1.138s] byte-compiling /home/dark/ros2_ws/src2/Project_PathBlazers/src/install/bots/lib/python3.12/site-packages/bots/td3_rl/test_td3.py to test_td3.cpython-312.pyc
[1.140s] byte-compiling /home/dark/ros2_ws/src2/Project_PathBlazers/src/install/bots/lib/python3.12/site-packages/bots/td3_rl/check_gz_interfaces.py to check_gz_interfaces.cpython-312.pyc
[1.140s] byte-compiling /home/dark/ros2_ws/src2/Project_PathBlazers/src/install/bots/lib/python3.12/site-packages/bots/td3_rl/train_td3.py to train_td3.cpython-312.pyc
[1.143s] byte-compiling /home/dark/ros2_ws/src2/Project_PathBlazers/src/install/bots/lib/python3.12/site-packages/bots/td3_rl/replay_buffer.py to replay_buffer.cpython-312.pyc
[1.143s] byte-compiling /home/dark/ros2_ws/src2/Project_PathBlazers/src/install/bots/lib/python3.12/site-packages/bots/td3_rl/__init__.py to __init__.cpython-312.pyc
[1.143s] byte-compiling /home/dark/ros2_ws/src2/Project_PathBlazers/src/install/bots/lib/python3.12/site-packages/bots/td3_rl/check_imports.py to check_imports.cpython-312.pyc
[1.144s] running install_data
[1.144s] creating /home/dark/ros2_ws/src2/Project_PathBlazers/src/install/bots/share/ament_index
[1.144s] creating /home/dark/ros2_ws/src2/Project_PathBlazers/src/install/bots/share/ament_index/resource_index
[1.144s] creating /home/dark/ros2_ws/src2/Project_PathBlazers/src/install/bots/share/ament_index/resource_index/packages
[1.144s] copying resource/bots -> /home/dark/ros2_ws/src2/Project_PathBlazers/src/install/bots/share/ament_index/resource_index/packages
[1.144s] copying package.xml -> /home/dark/ros2_ws/src2/Project_PathBlazers/src/install/bots/share/bots
[1.144s] creating /home/dark/ros2_ws/src2/Project_PathBlazers/src/install/bots/share/bots/launch
[1.144s] copying launch/check_urdf.launch.py -> /home/dark/ros2_ws/src2/Project_PathBlazers/src/install/bots/share/bots/launch
[1.144s] copying launch/train_td3.launch.py -> /home/dark/ros2_ws/src2/Project_PathBlazers/src/install/bots/share/bots/launch
[1.144s] copying launch/spawn_robot.launch.py -> /home/dark/ros2_ws/src2/Project_PathBlazers/src/install/bots/share/bots/launch
[1.144s] copying launch/my_launch_file.py -> /home/dark/ros2_ws/src2/Project_PathBlazers/src/install/bots/share/bots/launch
[1.144s] creating /home/dark/ros2_ws/src2/Project_PathBlazers/src/install/bots/share/bots/config
[1.144s] copying config/ekf.yaml -> /home/dark/ros2_ws/src2/Project_PathBlazers/src/install/bots/share/bots/config
[1.144s] copying config/td3_config.yaml -> /home/dark/ros2_ws/src2/Project_PathBlazers/src/install/bots/share/bots/config
[1.144s] creating /home/dark/ros2_ws/src2/Project_PathBlazers/src/install/bots/share/bots/meshes
[1.144s] copying meshes/lidar.dae -> /home/dark/ros2_ws/src2/Project_PathBlazers/src/install/bots/share/bots/meshes
[1.145s] copying meshes/mecanum_wheel_left.STL -> /home/dark/ros2_ws/src2/Project_PathBlazers/src/install/bots/share/bots/meshes
[1.145s] copying meshes/mogi_bot.STL -> /home/dark/ros2_ws/src2/Project_PathBlazers/src/install/bots/share/bots/meshes
[1.145s] copying meshes/wheel.dae -> /home/dark/ros2_ws/src2/Project_PathBlazers/src/install/bots/share/bots/meshes
[1.145s] copying meshes/mogi_bot.blend -> /home/dark/ros2_ws/src2/Project_PathBlazers/src/install/bots/share/bots/meshes
[1.146s] copying meshes/wheel.blend -> /home/dark/ros2_ws/src2/Project_PathBlazers/src/install/bots/share/bots/meshes
[1.146s] copying meshes/mogi_bot.SLDPRT -> /home/dark/ros2_ws/src2/Project_PathBlazers/src/install/bots/share/bots/meshes
[1.146s] copying meshes/mogi_bot.STEP -> /home/dark/ros2_ws/src2/Project_PathBlazers/src/install/bots/share/bots/meshes
[1.146s] copying meshes/wheel.SLDPRT -> /home/dark/ros2_ws/src2/Project_PathBlazers/src/install/bots/share/bots/meshes
[1.147s] copying meshes/wheel.STL -> /home/dark/ros2_ws/src2/Project_PathBlazers/src/install/bots/share/bots/meshes
[1.147s] copying meshes/mogi_bot.dae -> /home/dark/ros2_ws/src2/Project_PathBlazers/src/install/bots/share/bots/meshes
[1.147s] copying meshes/wheel.STEP -> /home/dark/ros2_ws/src2/Project_PathBlazers/src/install/bots/share/bots/meshes
[1.147s] copying meshes/mecanum_wheel_right.STL -> /home/dark/ros2_ws/src2/Project_PathBlazers/src/install/bots/share/bots/meshes
[1.148s] creating /home/dark/ros2_ws/src2/Project_PathBlazers/src/install/bots/share/bots/rviz
[1.148s] copying rviz/rviz.rviz -> /home/dark/ros2_ws/src2/Project_PathBlazers/src/install/bots/share/bots/rviz
[1.148s] copying rviz/gps.rviz -> /home/dark/ros2_ws/src2/Project_PathBlazers/src/install/bots/share/bots/rviz
[1.148s] copying rviz/urdf.rviz -> /home/dark/ros2_ws/src2/Project_PathBlazers/src/install/bots/share/bots/rviz
[1.148s] creating /home/dark/ros2_ws/src2/Project_PathBlazers/src/install/bots/share/bots/world
[1.148s] copying world/world.sdf -> /home/dark/ros2_ws/src2/Project_PathBlazers/src/install/bots/share/bots/world
[1.148s] copying world/world (Dynamic).sdf -> /home/dark/ros2_ws/src2/Project_PathBlazers/src/install/bots/share/bots/world
[1.148s] copying world/world (Static 1).sdf -> /home/dark/ros2_ws/src2/Project_PathBlazers/src/install/bots/share/bots/world
[1.148s] copying world/actors.txt -> /home/dark/ros2_ws/src2/Project_PathBlazers/src/install/bots/share/bots/world
[1.148s] creating /home/dark/ros2_ws/src2/Project_PathBlazers/src/install/bots/share/bots/world/models
[1.148s] creating /home/dark/ros2_ws/src2/Project_PathBlazers/src/install/bots/share/bots/world/models/cardboard_box
[1.148s] copying world/models/cardboard_box/model.sdf -> /home/dark/ros2_ws/src2/Project_PathBlazers/src/install/bots/share/bots/world/models/cardboard_box
[1.149s] copying world/models/cardboard_box/model.config -> /home/dark/ros2_ws/src2/Project_PathBlazers/src/install/bots/share/bots/world/models/cardboard_box
[1.149s] creating /home/dark/ros2_ws/src2/Project_PathBlazers/src/install/bots/share/bots/world/models/cardboard_box/meshes
[1.149s] copying world/models/cardboard_box/meshes/cardboard_box.dae -> /home/dark/ros2_ws/src2/Project_PathBlazers/src/install/bots/share/bots/world/models/cardboard_box/meshes
[1.149s] running install_egg_info
[1.163s] Copying ../build/bots/bots.egg-info to /home/dark/ros2_ws/src2/Project_PathBlazers/src/install/bots/lib/python3.12/site-packages/bots-0.0.0-py3.12.egg-info
[1.163s] running install_scripts
[1.252s] Installing FakeOdomPublisher script to /home/dark/ros2_ws/src2/Project_PathBlazers/src/install/bots/lib/bots
[1.252s] Installing test_td3 script to /home/dark/ros2_ws/src2/Project_PathBlazers/src/install/bots/lib/bots
[1.252s] Installing train_td3 script to /home/dark/ros2_ws/src2/Project_PathBlazers/src/install/bots/lib/bots
[1.252s] writing list of installed files to '/home/dark/ros2_ws/src2/Project_PathBlazers/src/build/bots/install.log'
[1.280s] Invoked command in '/home/dark/ros2_ws/src2/Project_PathBlazers/src/bots' returned '0': DEBUGINFOD_URLS=https://debuginfod.ubuntu.com PYTHONPATH=/home/dark/ros2_ws/src2/Project_PathBlazers/src/build/bots/prefix_override:/usr/lib/python3/dist-packages/colcon_core/task/python/colcon_distutils_commands:/home/dark/ros2_ws/src2/Project_PathBlazers/src/install/bots/lib/python3.12/site-packages:${PYTHONPATH} /usr/bin/python3 -W ignore:setup.py install is deprecated -W ignore:easy_install command is deprecated setup.py egg_info --egg-base ../build/bots build --build-base /home/dark/ros2_ws/src2/Project_PathBlazers/src/build/bots/build install --record /home/dark/ros2_ws/src2/Project_PathBlazers/src/build/bots/install.log --single-version-externally-managed install_data
