[0.834s] Invoking command in '/home/dark/ros2_ws/src2/Project_PathBlazers/src/bots': DEBUGINFOD_URLS=https://debuginfod.ubuntu.com PYTHONPATH=/home/dark/ros2_ws/src2/Project_PathBlazers/src/build/bots/prefix_override:/usr/lib/python3/dist-packages/colcon_core/task/python/colcon_distutils_commands:/home/dark/ros2_ws/src2/Project_PathBlazers/src/install/bots/lib/python3.12/site-packages:${PYTHONPATH} /usr/bin/python3 -W ignore:setup.py install is deprecated -W ignore:easy_install command is deprecated setup.py egg_info --egg-base ../build/bots build --build-base /home/dark/ros2_ws/src2/Project_PathBlazers/src/build/bots/build install --record /home/dark/ros2_ws/src2/Project_PathBlazers/src/build/bots/install.log --single-version-externally-managed install_data
[1.038s] running egg_info
[1.051s] writing ../build/bots/bots.egg-info/PKG-INFO
[1.051s] writing dependency_links to ../build/bots/bots.egg-info/dependency_links.txt
[1.051s] writing entry points to ../build/bots/bots.egg-info/entry_points.txt
[1.052s] writing requirements to ../build/bots/bots.egg-info/requires.txt
[1.052s] writing top-level names to ../build/bots/bots.egg-info/top_level.txt
[1.080s] reading manifest file '../build/bots/bots.egg-info/SOURCES.txt'
[1.080s] writing manifest file '../build/bots/bots.egg-info/SOURCES.txt'
[1.081s] running build
[1.081s] running build_py
[1.081s] running install
[1.085s] running install_lib
[1.099s] running install_data
[1.100s] running install_egg_info
[1.116s] removing '/home/dark/ros2_ws/src2/Project_PathBlazers/src/install/bots/lib/python3.12/site-packages/bots-0.0.0-py3.12.egg-info' (and everything under it)
[1.116s] Copying ../build/bots/bots.egg-info to /home/dark/ros2_ws/src2/Project_PathBlazers/src/install/bots/lib/python3.12/site-packages/bots-0.0.0-py3.12.egg-info
[1.117s] running install_scripts
[1.212s] Installing FakeOdomPublisher script to /home/dark/ros2_ws/src2/Project_PathBlazers/src/install/bots/lib/bots
[1.212s] Installing test_td3 script to /home/dark/ros2_ws/src2/Project_PathBlazers/src/install/bots/lib/bots
[1.212s] Installing train_td3 script to /home/dark/ros2_ws/src2/Project_PathBlazers/src/install/bots/lib/bots
[1.212s] writing list of installed files to '/home/dark/ros2_ws/src2/Project_PathBlazers/src/build/bots/install.log'
[1.244s] Invoked command in '/home/dark/ros2_ws/src2/Project_PathBlazers/src/bots' returned '0': DEBUGINFOD_URLS=https://debuginfod.ubuntu.com PYTHONPATH=/home/dark/ros2_ws/src2/Project_PathBlazers/src/build/bots/prefix_override:/usr/lib/python3/dist-packages/colcon_core/task/python/colcon_distutils_commands:/home/dark/ros2_ws/src2/Project_PathBlazers/src/install/bots/lib/python3.12/site-packages:${PYTHONPATH} /usr/bin/python3 -W ignore:setup.py install is deprecated -W ignore:easy_install command is deprecated setup.py egg_info --egg-base ../build/bots build --build-base /home/dark/ros2_ws/src2/Project_PathBlazers/src/build/bots/build install --record /home/dark/ros2_ws/src2/Project_PathBlazers/src/build/bots/install.log --single-version-externally-managed install_data
