[0.089s] DEBUG:colcon:Command line arguments: ['/usr/bin/colcon', 'build', '--packages-select', 'bots']
[0.089s] DEBUG:colcon:Parsed command line arguments: Namespace(log_base=None, log_level=None, verb_name='build', build_base='build', install_base='install', merge_install=False, symlink_install=False, test_result_base=None, continue_on_error=False, executor='parallel', parallel_workers=16, event_handlers=None, ignore_user_meta=False, metas=['./colcon.meta'], base_paths=['.'], packages_ignore=None, packages_ignore_regex=None, paths=None, packages_up_to=None, packages_up_to_regex=None, packages_above=None, packages_above_and_dependencies=None, packages_above_depth=None, packages_select_by_dep=None, packages_skip_by_dep=None, packages_skip_up_to=None, packages_select_build_failed=False, packages_skip_build_finished=False, packages_select_test_failures=False, packages_skip_test_passed=False, packages_select=['bots'], packages_skip=None, packages_select_regex=None, packages_skip_regex=None, packages_start=None, packages_end=None, allow_overriding=[], cmake_args=None, cmake_target=None, cmake_target_skip_unavailable=False, cmake_clean_cache=False, cmake_clean_first=False, cmake_force_configure=False, ament_cmake_args=None, catkin_cmake_args=None, catkin_skip_building_tests=False, mixin_files=None, mixin=None, verb_parser=<colcon_mixin.mixin.mixin_argument.MixinArgumentDecorator object at 0x79820bb96870>, verb_extension=<colcon_core.verb.build.BuildVerb object at 0x79820bb96510>, main=<bound method BuildVerb.main of <colcon_core.verb.build.BuildVerb object at 0x79820bb96510>>, mixin_verb=('build',))
[0.119s] Level 1:colcon.colcon_core.package_discovery:discover_packages(colcon_meta) check parameters
[0.119s] Level 1:colcon.colcon_core.package_discovery:discover_packages(recursive) check parameters
[0.119s] Level 1:colcon.colcon_core.package_discovery:discover_packages(ignore) check parameters
[0.119s] Level 1:colcon.colcon_core.package_discovery:discover_packages(path) check parameters
[0.119s] Level 1:colcon.colcon_core.package_discovery:discover_packages(colcon_meta) discover
[0.119s] Level 1:colcon.colcon_core.package_discovery:discover_packages(recursive) discover
[0.119s] INFO:colcon.colcon_core.package_discovery:Crawling recursively for packages in '/home/dark/ros2_ws/src2/Project_PathBlazers'
[0.119s] Level 1:colcon.colcon_core.package_identification:_identify(.) by extensions ['ignore', 'ignore_ament_install']
[0.119s] Level 1:colcon.colcon_core.package_identification:_identify(.) by extension 'ignore'
[0.119s] Level 1:colcon.colcon_core.package_identification:_identify(.) by extension 'ignore_ament_install'
[0.119s] Level 1:colcon.colcon_core.package_identification:_identify(.) by extensions ['colcon_pkg']
[0.119s] Level 1:colcon.colcon_core.package_identification:_identify(.) by extension 'colcon_pkg'
[0.119s] Level 1:colcon.colcon_core.package_identification:_identify(.) by extensions ['colcon_meta']
[0.119s] Level 1:colcon.colcon_core.package_identification:_identify(.) by extension 'colcon_meta'
[0.120s] Level 1:colcon.colcon_core.package_identification:_identify(.) by extensions ['ros']
[0.120s] Level 1:colcon.colcon_core.package_identification:_identify(.) by extension 'ros'
[0.139s] Level 1:colcon.colcon_core.package_identification:_identify(.) by extensions ['cmake', 'python']
[0.140s] Level 1:colcon.colcon_core.package_identification:_identify(.) by extension 'cmake'
[0.140s] Level 1:colcon.colcon_core.package_identification:_identify(.) by extension 'python'
[0.140s] Level 1:colcon.colcon_core.package_identification:_identify(.) by extensions ['python_setup_py']
[0.140s] Level 1:colcon.colcon_core.package_identification:_identify(.) by extension 'python_setup_py'
[0.140s] Level 1:colcon.colcon_core.package_identification:_identify(build) by extensions ['ignore', 'ignore_ament_install']
[0.140s] Level 1:colcon.colcon_core.package_identification:_identify(build) by extension 'ignore'
[0.140s] Level 1:colcon.colcon_core.package_identification:_identify(build) ignored
[0.140s] Level 1:colcon.colcon_core.package_identification:_identify(install) by extensions ['ignore', 'ignore_ament_install']
[0.140s] Level 1:colcon.colcon_core.package_identification:_identify(install) by extension 'ignore'
[0.140s] Level 1:colcon.colcon_core.package_identification:_identify(install) ignored
[0.140s] Level 1:colcon.colcon_core.package_identification:_identify(log) by extensions ['ignore', 'ignore_ament_install']
[0.140s] Level 1:colcon.colcon_core.package_identification:_identify(log) by extension 'ignore'
[0.140s] Level 1:colcon.colcon_core.package_identification:_identify(log) ignored
[0.140s] Level 1:colcon.colcon_core.package_identification:_identify(src) by extensions ['ignore', 'ignore_ament_install']
[0.140s] Level 1:colcon.colcon_core.package_identification:_identify(src) by extension 'ignore'
[0.140s] Level 1:colcon.colcon_core.package_identification:_identify(src) by extension 'ignore_ament_install'
[0.140s] Level 1:colcon.colcon_core.package_identification:_identify(src) by extensions ['colcon_pkg']
[0.140s] Level 1:colcon.colcon_core.package_identification:_identify(src) by extension 'colcon_pkg'
[0.140s] Level 1:colcon.colcon_core.package_identification:_identify(src) by extensions ['colcon_meta']
[0.140s] Level 1:colcon.colcon_core.package_identification:_identify(src) by extension 'colcon_meta'
[0.140s] Level 1:colcon.colcon_core.package_identification:_identify(src) by extensions ['ros']
[0.140s] Level 1:colcon.colcon_core.package_identification:_identify(src) by extension 'ros'
[0.140s] Level 1:colcon.colcon_core.package_identification:_identify(src) by extensions ['cmake', 'python']
[0.140s] Level 1:colcon.colcon_core.package_identification:_identify(src) by extension 'cmake'
[0.140s] Level 1:colcon.colcon_core.package_identification:_identify(src) by extension 'python'
[0.140s] Level 1:colcon.colcon_core.package_identification:_identify(src) by extensions ['python_setup_py']
[0.140s] Level 1:colcon.colcon_core.package_identification:_identify(src) by extension 'python_setup_py'
[0.141s] Level 1:colcon.colcon_core.package_identification:_identify(src/bots) by extensions ['ignore', 'ignore_ament_install']
[0.141s] Level 1:colcon.colcon_core.package_identification:_identify(src/bots) by extension 'ignore'
[0.141s] Level 1:colcon.colcon_core.package_identification:_identify(src/bots) by extension 'ignore_ament_install'
[0.141s] Level 1:colcon.colcon_core.package_identification:_identify(src/bots) by extensions ['colcon_pkg']
[0.141s] Level 1:colcon.colcon_core.package_identification:_identify(src/bots) by extension 'colcon_pkg'
[0.141s] Level 1:colcon.colcon_core.package_identification:_identify(src/bots) by extensions ['colcon_meta']
[0.141s] Level 1:colcon.colcon_core.package_identification:_identify(src/bots) by extension 'colcon_meta'
[0.141s] Level 1:colcon.colcon_core.package_identification:_identify(src/bots) by extensions ['ros']
[0.141s] Level 1:colcon.colcon_core.package_identification:_identify(src/bots) by extension 'ros'
[0.142s] DEBUG:colcon.colcon_core.package_identification:Package 'src/bots' with type 'ros.ament_python' and name 'bots'
[0.143s] Level 1:colcon.colcon_core.package_identification:_identify(src/lerobots) by extensions ['ignore', 'ignore_ament_install']
[0.143s] Level 1:colcon.colcon_core.package_identification:_identify(src/lerobots) by extension 'ignore'
[0.143s] Level 1:colcon.colcon_core.package_identification:_identify(src/lerobots) by extension 'ignore_ament_install'
[0.143s] Level 1:colcon.colcon_core.package_identification:_identify(src/lerobots) by extensions ['colcon_pkg']
[0.143s] Level 1:colcon.colcon_core.package_identification:_identify(src/lerobots) by extension 'colcon_pkg'
[0.143s] Level 1:colcon.colcon_core.package_identification:_identify(src/lerobots) by extensions ['colcon_meta']
[0.143s] Level 1:colcon.colcon_core.package_identification:_identify(src/lerobots) by extension 'colcon_meta'
[0.143s] Level 1:colcon.colcon_core.package_identification:_identify(src/lerobots) by extensions ['ros']
[0.143s] Level 1:colcon.colcon_core.package_identification:_identify(src/lerobots) by extension 'ros'
[0.143s] Level 1:colcon.colcon_core.package_identification:_identify(src/lerobots) by extensions ['cmake', 'python']
[0.143s] Level 1:colcon.colcon_core.package_identification:_identify(src/lerobots) by extension 'cmake'
[0.143s] Level 1:colcon.colcon_core.package_identification:_identify(src/lerobots) by extension 'python'
[0.143s] Level 1:colcon.colcon_core.package_identification:_identify(src/lerobots) by extensions ['python_setup_py']
[0.143s] Level 1:colcon.colcon_core.package_identification:_identify(src/lerobots) by extension 'python_setup_py'
[0.143s] Level 1:colcon.colcon_core.package_identification:_identify(src/lerobots/robots) by extensions ['ignore', 'ignore_ament_install']
[0.143s] Level 1:colcon.colcon_core.package_identification:_identify(src/lerobots/robots) by extension 'ignore'
[0.143s] Level 1:colcon.colcon_core.package_identification:_identify(src/lerobots/robots) by extension 'ignore_ament_install'
[0.143s] Level 1:colcon.colcon_core.package_identification:_identify(src/lerobots/robots) by extensions ['colcon_pkg']
[0.143s] Level 1:colcon.colcon_core.package_identification:_identify(src/lerobots/robots) by extension 'colcon_pkg'
[0.143s] Level 1:colcon.colcon_core.package_identification:_identify(src/lerobots/robots) by extensions ['colcon_meta']
[0.143s] Level 1:colcon.colcon_core.package_identification:_identify(src/lerobots/robots) by extension 'colcon_meta'
[0.143s] Level 1:colcon.colcon_core.package_identification:_identify(src/lerobots/robots) by extensions ['ros']
[0.143s] Level 1:colcon.colcon_core.package_identification:_identify(src/lerobots/robots) by extension 'ros'
[0.143s] Level 1:colcon.colcon_core.package_identification:_identify(src/lerobots/robots) by extensions ['cmake', 'python']
[0.143s] Level 1:colcon.colcon_core.package_identification:_identify(src/lerobots/robots) by extension 'cmake'
[0.143s] Level 1:colcon.colcon_core.package_identification:_identify(src/lerobots/robots) by extension 'python'
[0.143s] Level 1:colcon.colcon_core.package_identification:_identify(src/lerobots/robots) by extensions ['python_setup_py']
[0.143s] Level 1:colcon.colcon_core.package_identification:_identify(src/lerobots/robots) by extension 'python_setup_py'
[0.143s] Level 1:colcon.colcon_core.package_identification:_identify(src/lerobots/robots/__pycache__) by extensions ['ignore', 'ignore_ament_install']
[0.143s] Level 1:colcon.colcon_core.package_identification:_identify(src/lerobots/robots/__pycache__) by extension 'ignore'
[0.143s] Level 1:colcon.colcon_core.package_identification:_identify(src/lerobots/robots/__pycache__) by extension 'ignore_ament_install'
[0.143s] Level 1:colcon.colcon_core.package_identification:_identify(src/lerobots/robots/__pycache__) by extensions ['colcon_pkg']
[0.143s] Level 1:colcon.colcon_core.package_identification:_identify(src/lerobots/robots/__pycache__) by extension 'colcon_pkg'
[0.144s] Level 1:colcon.colcon_core.package_identification:_identify(src/lerobots/robots/__pycache__) by extensions ['colcon_meta']
[0.144s] Level 1:colcon.colcon_core.package_identification:_identify(src/lerobots/robots/__pycache__) by extension 'colcon_meta'
[0.144s] Level 1:colcon.colcon_core.package_identification:_identify(src/lerobots/robots/__pycache__) by extensions ['ros']
[0.144s] Level 1:colcon.colcon_core.package_identification:_identify(src/lerobots/robots/__pycache__) by extension 'ros'
[0.144s] Level 1:colcon.colcon_core.package_identification:_identify(src/lerobots/robots/__pycache__) by extensions ['cmake', 'python']
[0.144s] Level 1:colcon.colcon_core.package_identification:_identify(src/lerobots/robots/__pycache__) by extension 'cmake'
[0.144s] Level 1:colcon.colcon_core.package_identification:_identify(src/lerobots/robots/__pycache__) by extension 'python'
[0.144s] Level 1:colcon.colcon_core.package_identification:_identify(src/lerobots/robots/__pycache__) by extensions ['python_setup_py']
[0.144s] Level 1:colcon.colcon_core.package_identification:_identify(src/lerobots/robots/__pycache__) by extension 'python_setup_py'
[0.144s] Level 1:colcon.colcon_core.package_identification:_identify(src/mogi_trajectory_server) by extensions ['ignore', 'ignore_ament_install']
[0.144s] Level 1:colcon.colcon_core.package_identification:_identify(src/mogi_trajectory_server) by extension 'ignore'
[0.144s] Level 1:colcon.colcon_core.package_identification:_identify(src/mogi_trajectory_server) by extension 'ignore_ament_install'
[0.144s] Level 1:colcon.colcon_core.package_identification:_identify(src/mogi_trajectory_server) by extensions ['colcon_pkg']
[0.144s] Level 1:colcon.colcon_core.package_identification:_identify(src/mogi_trajectory_server) by extension 'colcon_pkg'
[0.144s] Level 1:colcon.colcon_core.package_identification:_identify(src/mogi_trajectory_server) by extensions ['colcon_meta']
[0.144s] Level 1:colcon.colcon_core.package_identification:_identify(src/mogi_trajectory_server) by extension 'colcon_meta'
[0.144s] Level 1:colcon.colcon_core.package_identification:_identify(src/mogi_trajectory_server) by extensions ['ros']
[0.144s] Level 1:colcon.colcon_core.package_identification:_identify(src/mogi_trajectory_server) by extension 'ros'
[0.144s] Level 1:colcon.colcon_core.package_identification:_identify(src/mogi_trajectory_server) by extensions ['cmake', 'python']
[0.144s] Level 1:colcon.colcon_core.package_identification:_identify(src/mogi_trajectory_server) by extension 'cmake'
[0.144s] Level 1:colcon.colcon_core.package_identification:_identify(src/mogi_trajectory_server) by extension 'python'
[0.144s] Level 1:colcon.colcon_core.package_identification:_identify(src/mogi_trajectory_server) by extensions ['python_setup_py']
[0.144s] Level 1:colcon.colcon_core.package_identification:_identify(src/mogi_trajectory_server) by extension 'python_setup_py'
[0.144s] Level 1:colcon.colcon_core.package_identification:_identify(src/navigator) by extensions ['ignore', 'ignore_ament_install']
[0.144s] Level 1:colcon.colcon_core.package_identification:_identify(src/navigator) by extension 'ignore'
[0.144s] Level 1:colcon.colcon_core.package_identification:_identify(src/navigator) by extension 'ignore_ament_install'
[0.144s] Level 1:colcon.colcon_core.package_identification:_identify(src/navigator) by extensions ['colcon_pkg']
[0.144s] Level 1:colcon.colcon_core.package_identification:_identify(src/navigator) by extension 'colcon_pkg'
[0.144s] Level 1:colcon.colcon_core.package_identification:_identify(src/navigator) by extensions ['colcon_meta']
[0.144s] Level 1:colcon.colcon_core.package_identification:_identify(src/navigator) by extension 'colcon_meta'
[0.144s] Level 1:colcon.colcon_core.package_identification:_identify(src/navigator) by extensions ['ros']
[0.144s] Level 1:colcon.colcon_core.package_identification:_identify(src/navigator) by extension 'ros'
[0.145s] DEBUG:colcon.colcon_core.package_identification:Package 'src/navigator' with type 'ros.ament_python' and name 'navigator'
[0.145s] Level 1:colcon.colcon_core.package_discovery:discover_packages(recursive) using defaults
[0.145s] Level 1:colcon.colcon_core.package_discovery:discover_packages(ignore) discover
[0.145s] Level 1:colcon.colcon_core.package_discovery:discover_packages(ignore) using defaults
[0.145s] Level 1:colcon.colcon_core.package_discovery:discover_packages(path) discover
[0.145s] Level 1:colcon.colcon_core.package_discovery:discover_packages(path) using defaults
[0.158s] INFO:colcon.colcon_core.package_selection:Skipping not selected package 'navigator' in 'src/navigator'
[0.158s] Level 1:colcon.colcon_core.package_discovery:discover_packages(prefix_path) check parameters
[0.158s] Level 1:colcon.colcon_core.package_discovery:discover_packages(prefix_path) discover
[0.160s] DEBUG:colcon.colcon_installed_package_information.package_discovery:Found 2 installed packages in /home/dark/ros2_ws/src2/Project_PathBlazers/install
[0.161s] DEBUG:colcon.colcon_installed_package_information.package_discovery:Found 386 installed packages in /opt/ros/jazzy
[0.162s] Level 1:colcon.colcon_core.package_discovery:discover_packages(prefix_path) using defaults
[0.193s] Level 5:colcon.colcon_core.verb:set package 'bots' build argument 'cmake_args' from command line to 'None'
[0.193s] Level 5:colcon.colcon_core.verb:set package 'bots' build argument 'cmake_target' from command line to 'None'
[0.193s] Level 5:colcon.colcon_core.verb:set package 'bots' build argument 'cmake_target_skip_unavailable' from command line to 'False'
[0.193s] Level 5:colcon.colcon_core.verb:set package 'bots' build argument 'cmake_clean_cache' from command line to 'False'
[0.193s] Level 5:colcon.colcon_core.verb:set package 'bots' build argument 'cmake_clean_first' from command line to 'False'
[0.193s] Level 5:colcon.colcon_core.verb:set package 'bots' build argument 'cmake_force_configure' from command line to 'False'
[0.193s] Level 5:colcon.colcon_core.verb:set package 'bots' build argument 'ament_cmake_args' from command line to 'None'
[0.193s] Level 5:colcon.colcon_core.verb:set package 'bots' build argument 'catkin_cmake_args' from command line to 'None'
[0.193s] Level 5:colcon.colcon_core.verb:set package 'bots' build argument 'catkin_skip_building_tests' from command line to 'False'
[0.193s] DEBUG:colcon.colcon_core.verb:Building package 'bots' with the following arguments: {'ament_cmake_args': None, 'build_base': '/home/dark/ros2_ws/src2/Project_PathBlazers/build/bots', 'catkin_cmake_args': None, 'catkin_skip_building_tests': False, 'cmake_args': None, 'cmake_clean_cache': False, 'cmake_clean_first': False, 'cmake_force_configure': False, 'cmake_target': None, 'cmake_target_skip_unavailable': False, 'install_base': '/home/dark/ros2_ws/src2/Project_PathBlazers/install/bots', 'merge_install': False, 'path': '/home/dark/ros2_ws/src2/Project_PathBlazers/src/bots', 'symlink_install': False, 'test_result_base': None}
[0.194s] INFO:colcon.colcon_core.executor:Executing jobs using 'parallel' executor
[0.194s] DEBUG:colcon.colcon_parallel_executor.executor.parallel:run_until_complete
[0.195s] INFO:colcon.colcon_ros.task.ament_python.build:Building ROS package in '/home/dark/ros2_ws/src2/Project_PathBlazers/src/bots' with build type 'ament_python'
[0.195s] Level 1:colcon.colcon_core.shell:create_environment_hook('bots', 'ament_prefix_path')
[0.196s] INFO:colcon.colcon_core.plugin_system:Skipping extension 'colcon_core.shell.bat': Not used on non-Windows systems
[0.196s] INFO:colcon.colcon_core.shell:Creating environment hook '/home/dark/ros2_ws/src2/Project_PathBlazers/install/bots/share/bots/hook/ament_prefix_path.ps1'
[0.197s] INFO:colcon.colcon_core.shell:Creating environment descriptor '/home/dark/ros2_ws/src2/Project_PathBlazers/install/bots/share/bots/hook/ament_prefix_path.dsv'
[0.197s] INFO:colcon.colcon_core.shell:Creating environment hook '/home/dark/ros2_ws/src2/Project_PathBlazers/install/bots/share/bots/hook/ament_prefix_path.sh'
[0.197s] INFO:colcon.colcon_core.shell:Skip shell extension 'powershell' for command environment: Not usable outside of PowerShell
[0.197s] DEBUG:colcon.colcon_core.shell:Skip shell extension 'dsv' for command environment
[0.379s] INFO:colcon.colcon_core.task.python.build:Building Python package in '/home/dark/ros2_ws/src2/Project_PathBlazers/src/bots'
[0.379s] INFO:colcon.colcon_core.shell:Skip shell extension 'powershell' for command environment: Not usable outside of PowerShell
[0.379s] DEBUG:colcon.colcon_core.shell:Skip shell extension 'dsv' for command environment
[0.884s] DEBUG:colcon.colcon_core.event_handler.log_command:Invoking command in '/home/dark/ros2_ws/src2/Project_PathBlazers/src/bots': DEBUGINFOD_URLS=https://debuginfod.ubuntu.com PYTHONPATH=/home/dark/ros2_ws/src2/Project_PathBlazers/build/bots/prefix_override:/usr/lib/python3/dist-packages/colcon_core/task/python/colcon_distutils_commands:/home/dark/ros2_ws/src2/Project_PathBlazers/install/bots/lib/python3.12/site-packages:${PYTHONPATH} /usr/bin/python3 -W ignore:setup.py install is deprecated -W ignore:easy_install command is deprecated setup.py egg_info --egg-base ../../build/bots build --build-base /home/dark/ros2_ws/src2/Project_PathBlazers/build/bots/build install --record /home/dark/ros2_ws/src2/Project_PathBlazers/build/bots/install.log --single-version-externally-managed install_data
[1.341s] DEBUG:colcon.colcon_core.event_handler.log_command:Invoked command in '/home/dark/ros2_ws/src2/Project_PathBlazers/src/bots' returned '0': DEBUGINFOD_URLS=https://debuginfod.ubuntu.com PYTHONPATH=/home/dark/ros2_ws/src2/Project_PathBlazers/build/bots/prefix_override:/usr/lib/python3/dist-packages/colcon_core/task/python/colcon_distutils_commands:/home/dark/ros2_ws/src2/Project_PathBlazers/install/bots/lib/python3.12/site-packages:${PYTHONPATH} /usr/bin/python3 -W ignore:setup.py install is deprecated -W ignore:easy_install command is deprecated setup.py egg_info --egg-base ../../build/bots build --build-base /home/dark/ros2_ws/src2/Project_PathBlazers/build/bots/build install --record /home/dark/ros2_ws/src2/Project_PathBlazers/build/bots/install.log --single-version-externally-managed install_data
[1.343s] Level 1:colcon.colcon_core.environment:checking '/home/dark/ros2_ws/src2/Project_PathBlazers/install/bots' for CMake module files
[1.343s] Level 1:colcon.colcon_core.environment:checking '/home/dark/ros2_ws/src2/Project_PathBlazers/install/bots' for CMake config files
[1.344s] Level 1:colcon.colcon_core.environment:checking '/home/dark/ros2_ws/src2/Project_PathBlazers/install/bots/lib'
[1.344s] Level 1:colcon.colcon_core.environment:checking '/home/dark/ros2_ws/src2/Project_PathBlazers/install/bots/bin'
[1.344s] Level 1:colcon.colcon_core.environment:checking '/home/dark/ros2_ws/src2/Project_PathBlazers/install/bots/lib/pkgconfig/bots.pc'
[1.344s] Level 1:colcon.colcon_core.environment:checking '/home/dark/ros2_ws/src2/Project_PathBlazers/install/bots/lib/python3.12/site-packages'
[1.345s] Level 1:colcon.colcon_core.shell:create_environment_hook('bots', 'pythonpath')
[1.345s] INFO:colcon.colcon_core.shell:Creating environment hook '/home/dark/ros2_ws/src2/Project_PathBlazers/install/bots/share/bots/hook/pythonpath.ps1'
[1.345s] INFO:colcon.colcon_core.shell:Creating environment descriptor '/home/dark/ros2_ws/src2/Project_PathBlazers/install/bots/share/bots/hook/pythonpath.dsv'
[1.345s] INFO:colcon.colcon_core.shell:Creating environment hook '/home/dark/ros2_ws/src2/Project_PathBlazers/install/bots/share/bots/hook/pythonpath.sh'
[1.346s] Level 1:colcon.colcon_core.environment:checking '/home/dark/ros2_ws/src2/Project_PathBlazers/install/bots/bin'
[1.346s] Level 1:colcon.colcon_core.environment:create_environment_scripts_only(bots)
[1.346s] INFO:colcon.colcon_core.shell:Creating package script '/home/dark/ros2_ws/src2/Project_PathBlazers/install/bots/share/bots/package.ps1'
[1.347s] INFO:colcon.colcon_core.shell:Creating package descriptor '/home/dark/ros2_ws/src2/Project_PathBlazers/install/bots/share/bots/package.dsv'
[1.347s] INFO:colcon.colcon_core.shell:Creating package script '/home/dark/ros2_ws/src2/Project_PathBlazers/install/bots/share/bots/package.sh'
[1.347s] INFO:colcon.colcon_core.shell:Creating package script '/home/dark/ros2_ws/src2/Project_PathBlazers/install/bots/share/bots/package.bash'
[1.348s] INFO:colcon.colcon_core.shell:Creating package script '/home/dark/ros2_ws/src2/Project_PathBlazers/install/bots/share/bots/package.zsh'
[1.348s] Level 1:colcon.colcon_core.environment:create_file_with_runtime_dependencies(/home/dark/ros2_ws/src2/Project_PathBlazers/install/bots/share/colcon-core/packages/bots)
[1.348s] DEBUG:colcon.colcon_parallel_executor.executor.parallel:closing loop
[1.349s] DEBUG:colcon.colcon_parallel_executor.executor.parallel:loop closed
[1.349s] DEBUG:colcon.colcon_parallel_executor.executor.parallel:run_until_complete finished with '0'
[1.349s] DEBUG:colcon.colcon_core.event_reactor:joining thread
[1.353s] INFO:colcon.colcon_core.plugin_system:Skipping extension 'colcon_notification.desktop_notification.terminal_notifier': Not used on non-Darwin systems
[1.353s] INFO:colcon.colcon_core.plugin_system:Skipping extension 'colcon_notification.desktop_notification.win32': Not used on non-Windows systems
[1.353s] INFO:colcon.colcon_notification.desktop_notification:Sending desktop notification using 'notify2'
[1.369s] DEBUG:colcon.colcon_core.event_reactor:joined thread
[1.369s] INFO:colcon.colcon_core.shell:Creating prefix script '/home/dark/ros2_ws/src2/Project_PathBlazers/install/local_setup.ps1'
[1.370s] INFO:colcon.colcon_core.shell:Creating prefix util module '/home/dark/ros2_ws/src2/Project_PathBlazers/install/_local_setup_util_ps1.py'
[1.371s] INFO:colcon.colcon_core.shell:Creating prefix chain script '/home/dark/ros2_ws/src2/Project_PathBlazers/install/setup.ps1'
[1.372s] INFO:colcon.colcon_core.shell:Creating prefix script '/home/dark/ros2_ws/src2/Project_PathBlazers/install/local_setup.sh'
[1.372s] INFO:colcon.colcon_core.shell:Creating prefix util module '/home/dark/ros2_ws/src2/Project_PathBlazers/install/_local_setup_util_sh.py'
[1.373s] INFO:colcon.colcon_core.shell:Creating prefix chain script '/home/dark/ros2_ws/src2/Project_PathBlazers/install/setup.sh'
[1.374s] INFO:colcon.colcon_core.shell:Creating prefix script '/home/dark/ros2_ws/src2/Project_PathBlazers/install/local_setup.bash'
[1.375s] INFO:colcon.colcon_core.shell:Creating prefix chain script '/home/dark/ros2_ws/src2/Project_PathBlazers/install/setup.bash'
[1.376s] INFO:colcon.colcon_core.shell:Creating prefix script '/home/dark/ros2_ws/src2/Project_PathBlazers/install/local_setup.zsh'
[1.376s] INFO:colcon.colcon_core.shell:Creating prefix chain script '/home/dark/ros2_ws/src2/Project_PathBlazers/install/setup.zsh'
