[0.688s] Invoking command in '/home/dark/ros2_ws/src2/Project_PathBlazers/src/bots': DEBUGINFOD_URLS=https://debuginfod.ubuntu.com PYTHONPATH=/home/dark/ros2_ws/src2/Project_PathBlazers/build/bots/prefix_override:/usr/lib/python3/dist-packages/colcon_core/task/python/colcon_distutils_commands:/home/dark/ros2_ws/src2/Project_PathBlazers/install/bots/lib/python3.12/site-packages:${PYTHONPATH} /usr/bin/python3 -W ignore:setup.py install is deprecated -W ignore:easy_install command is deprecated setup.py egg_info --egg-base ../../build/bots build --build-base /home/dark/ros2_ws/src2/Project_PathBlazers/build/bots/build install --record /home/dark/ros2_ws/src2/Project_PathBlazers/build/bots/install.log --single-version-externally-managed install_data
[0.936s] running egg_info
[0.950s] writing ../../build/bots/bots.egg-info/PKG-INFO
[0.950s] writing dependency_links to ../../build/bots/bots.egg-info/dependency_links.txt
[0.950s] writing entry points to ../../build/bots/bots.egg-info/entry_points.txt
[0.951s] writing requirements to ../../build/bots/bots.egg-info/requires.txt
[0.951s] writing top-level names to ../../build/bots/bots.egg-info/top_level.txt
[0.983s] reading manifest file '../../build/bots/bots.egg-info/SOURCES.txt'
[0.984s] writing manifest file '../../build/bots/bots.egg-info/SOURCES.txt'
[0.984s] running build
[0.984s] running build_py
[0.984s] running install
[0.989s] running install_lib
[1.004s] running install_data
[1.004s] copying launch/my_launch_file.py -> /home/dark/ros2_ws/src2/Project_PathBlazers/install/bots/share/bots/launch
[1.004s] running install_egg_info
[1.020s] removing '/home/dark/ros2_ws/src2/Project_PathBlazers/install/bots/lib/python3.12/site-packages/bots-0.0.0-py3.12.egg-info' (and everything under it)
[1.021s] Copying ../../build/bots/bots.egg-info to /home/dark/ros2_ws/src2/Project_PathBlazers/install/bots/lib/python3.12/site-packages/bots-0.0.0-py3.12.egg-info
[1.021s] running install_scripts
[1.118s] Installing FakeOdomPublisher script to /home/dark/ros2_ws/src2/Project_PathBlazers/install/bots/lib/bots
[1.119s] Installing test_td3 script to /home/dark/ros2_ws/src2/Project_PathBlazers/install/bots/lib/bots
[1.119s] Installing train_td3 script to /home/dark/ros2_ws/src2/Project_PathBlazers/install/bots/lib/bots
[1.119s] writing list of installed files to '/home/dark/ros2_ws/src2/Project_PathBlazers/build/bots/install.log'
[1.146s] Invoked command in '/home/dark/ros2_ws/src2/Project_PathBlazers/src/bots' returned '0': DEBUGINFOD_URLS=https://debuginfod.ubuntu.com PYTHONPATH=/home/dark/ros2_ws/src2/Project_PathBlazers/build/bots/prefix_override:/usr/lib/python3/dist-packages/colcon_core/task/python/colcon_distutils_commands:/home/dark/ros2_ws/src2/Project_PathBlazers/install/bots/lib/python3.12/site-packages:${PYTHONPATH} /usr/bin/python3 -W ignore:setup.py install is deprecated -W ignore:easy_install command is deprecated setup.py egg_info --egg-base ../../build/bots build --build-base /home/dark/ros2_ws/src2/Project_PathBlazers/build/bots/build install --record /home/dark/ros2_ws/src2/Project_PathBlazers/build/bots/install.log --single-version-externally-managed install_data
