[1.120s] DEBUG:colcon:Command line arguments: ['/usr/bin/colcon', 'build', '--packages-select', 'bots', '--symlink-install']
[1.121s] DEBUG:colcon:Parsed command line arguments: Namespace(log_base=None, log_level=None, verb_name='build', build_base='build', install_base='install', merge_install=False, symlink_install=True, test_result_base=None, continue_on_error=False, executor='parallel', parallel_workers=16, event_handlers=None, ignore_user_meta=False, metas=['./colcon.meta'], base_paths=['.'], packages_ignore=None, packages_ignore_regex=None, paths=None, packages_up_to=None, packages_up_to_regex=None, packages_above=None, packages_above_and_dependencies=None, packages_above_depth=None, packages_select_by_dep=None, packages_skip_by_dep=None, packages_skip_up_to=None, packages_select_build_failed=False, packages_skip_build_finished=False, packages_select_test_failures=False, packages_skip_test_passed=False, packages_select=['bots'], packages_skip=None, packages_select_regex=None, packages_skip_regex=None, packages_start=None, packages_end=None, allow_overriding=[], cmake_args=None, cmake_target=None, cmake_target_skip_unavailable=False, cmake_clean_cache=False, cmake_clean_first=False, cmake_force_configure=False, ament_cmake_args=None, catkin_cmake_args=None, catkin_skip_building_tests=False, mixin_files=None, mixin=None, verb_parser=<colcon_mixin.mixin.mixin_argument.MixinArgumentDecorator object at 0x70bed9466f90>, verb_extension=<colcon_core.verb.build.BuildVerb object at 0x70bed940de20>, main=<bound method BuildVerb.main of <colcon_core.verb.build.BuildVerb object at 0x70bed940de20>>, mixin_verb=('build',))
[1.394s] Level 1:colcon.colcon_core.package_discovery:discover_packages(colcon_meta) check parameters
[1.395s] Level 1:colcon.colcon_core.package_discovery:discover_packages(recursive) check parameters
[1.396s] Level 1:colcon.colcon_core.package_discovery:discover_packages(ignore) check parameters
[1.396s] Level 1:colcon.colcon_core.package_discovery:discover_packages(path) check parameters
[1.396s] Level 1:colcon.colcon_core.package_discovery:discover_packages(colcon_meta) discover
[1.397s] Level 1:colcon.colcon_core.package_discovery:discover_packages(recursive) discover
[1.397s] INFO:colcon.colcon_core.package_discovery:Crawling recursively for packages in '/home/dark/ros2_ws/src2/Project_PathBlazers/src'
[1.398s] Level 1:colcon.colcon_core.package_identification:_identify(.) by extensions ['ignore', 'ignore_ament_install']
[1.398s] Level 1:colcon.colcon_core.package_identification:_identify(.) by extension 'ignore'
[1.399s] Level 1:colcon.colcon_core.package_identification:_identify(.) by extension 'ignore_ament_install'
[1.399s] Level 1:colcon.colcon_core.package_identification:_identify(.) by extensions ['colcon_pkg']
[1.400s] Level 1:colcon.colcon_core.package_identification:_identify(.) by extension 'colcon_pkg'
[1.400s] Level 1:colcon.colcon_core.package_identification:_identify(.) by extensions ['colcon_meta']
[1.400s] Level 1:colcon.colcon_core.package_identification:_identify(.) by extension 'colcon_meta'
[1.401s] Level 1:colcon.colcon_core.package_identification:_identify(.) by extensions ['ros']
[1.401s] Level 1:colcon.colcon_core.package_identification:_identify(.) by extension 'ros'
[1.529s] Level 1:colcon.colcon_core.package_identification:_identify(.) by extensions ['cmake', 'python']
[1.529s] Level 1:colcon.colcon_core.package_identification:_identify(.) by extension 'cmake'
[1.529s] Level 1:colcon.colcon_core.package_identification:_identify(.) by extension 'python'
[1.530s] Level 1:colcon.colcon_core.package_identification:_identify(.) by extensions ['python_setup_py']
[1.530s] Level 1:colcon.colcon_core.package_identification:_identify(.) by extension 'python_setup_py'
[1.530s] Level 1:colcon.colcon_core.package_identification:_identify(bots) by extensions ['ignore', 'ignore_ament_install']
[1.530s] Level 1:colcon.colcon_core.package_identification:_identify(bots) by extension 'ignore'
[1.531s] Level 1:colcon.colcon_core.package_identification:_identify(bots) by extension 'ignore_ament_install'
[1.531s] Level 1:colcon.colcon_core.package_identification:_identify(bots) by extensions ['colcon_pkg']
[1.531s] Level 1:colcon.colcon_core.package_identification:_identify(bots) by extension 'colcon_pkg'
[1.531s] Level 1:colcon.colcon_core.package_identification:_identify(bots) by extensions ['colcon_meta']
[1.531s] Level 1:colcon.colcon_core.package_identification:_identify(bots) by extension 'colcon_meta'
[1.531s] Level 1:colcon.colcon_core.package_identification:_identify(bots) by extensions ['ros']
[1.532s] Level 1:colcon.colcon_core.package_identification:_identify(bots) by extension 'ros'
[1.548s] DEBUG:colcon.colcon_core.package_identification:Package 'bots' with type 'ros.ament_python' and name 'bots'
[1.549s] Level 1:colcon.colcon_core.package_identification:_identify(build) by extensions ['ignore', 'ignore_ament_install']
[1.549s] Level 1:colcon.colcon_core.package_identification:_identify(build) by extension 'ignore'
[1.550s] Level 1:colcon.colcon_core.package_identification:_identify(build) ignored
[1.550s] Level 1:colcon.colcon_core.package_identification:_identify(install) by extensions ['ignore', 'ignore_ament_install']
[1.551s] Level 1:colcon.colcon_core.package_identification:_identify(install) by extension 'ignore'
[1.551s] Level 1:colcon.colcon_core.package_identification:_identify(install) ignored
[1.551s] Level 1:colcon.colcon_core.package_identification:_identify(lerobots) by extensions ['ignore', 'ignore_ament_install']
[1.551s] Level 1:colcon.colcon_core.package_identification:_identify(lerobots) by extension 'ignore'
[1.551s] Level 1:colcon.colcon_core.package_identification:_identify(lerobots) by extension 'ignore_ament_install'
[1.552s] Level 1:colcon.colcon_core.package_identification:_identify(lerobots) by extensions ['colcon_pkg']
[1.552s] Level 1:colcon.colcon_core.package_identification:_identify(lerobots) by extension 'colcon_pkg'
[1.552s] Level 1:colcon.colcon_core.package_identification:_identify(lerobots) by extensions ['colcon_meta']
[1.552s] Level 1:colcon.colcon_core.package_identification:_identify(lerobots) by extension 'colcon_meta'
[1.552s] Level 1:colcon.colcon_core.package_identification:_identify(lerobots) by extensions ['ros']
[1.552s] Level 1:colcon.colcon_core.package_identification:_identify(lerobots) by extension 'ros'
[1.552s] Level 1:colcon.colcon_core.package_identification:_identify(lerobots) by extensions ['cmake', 'python']
[1.552s] Level 1:colcon.colcon_core.package_identification:_identify(lerobots) by extension 'cmake'
[1.552s] Level 1:colcon.colcon_core.package_identification:_identify(lerobots) by extension 'python'
[1.553s] Level 1:colcon.colcon_core.package_identification:_identify(lerobots) by extensions ['python_setup_py']
[1.553s] Level 1:colcon.colcon_core.package_identification:_identify(lerobots) by extension 'python_setup_py'
[1.553s] Level 1:colcon.colcon_core.package_identification:_identify(lerobots/robots) by extensions ['ignore', 'ignore_ament_install']
[1.553s] Level 1:colcon.colcon_core.package_identification:_identify(lerobots/robots) by extension 'ignore'
[1.553s] Level 1:colcon.colcon_core.package_identification:_identify(lerobots/robots) by extension 'ignore_ament_install'
[1.554s] Level 1:colcon.colcon_core.package_identification:_identify(lerobots/robots) by extensions ['colcon_pkg']
[1.554s] Level 1:colcon.colcon_core.package_identification:_identify(lerobots/robots) by extension 'colcon_pkg'
[1.554s] Level 1:colcon.colcon_core.package_identification:_identify(lerobots/robots) by extensions ['colcon_meta']
[1.554s] Level 1:colcon.colcon_core.package_identification:_identify(lerobots/robots) by extension 'colcon_meta'
[1.554s] Level 1:colcon.colcon_core.package_identification:_identify(lerobots/robots) by extensions ['ros']
[1.554s] Level 1:colcon.colcon_core.package_identification:_identify(lerobots/robots) by extension 'ros'
[1.554s] Level 1:colcon.colcon_core.package_identification:_identify(lerobots/robots) by extensions ['cmake', 'python']
[1.554s] Level 1:colcon.colcon_core.package_identification:_identify(lerobots/robots) by extension 'cmake'
[1.555s] Level 1:colcon.colcon_core.package_identification:_identify(lerobots/robots) by extension 'python'
[1.555s] Level 1:colcon.colcon_core.package_identification:_identify(lerobots/robots) by extensions ['python_setup_py']
[1.555s] Level 1:colcon.colcon_core.package_identification:_identify(lerobots/robots) by extension 'python_setup_py'
[1.555s] Level 1:colcon.colcon_core.package_identification:_identify(lerobots/robots/__pycache__) by extensions ['ignore', 'ignore_ament_install']
[1.556s] Level 1:colcon.colcon_core.package_identification:_identify(lerobots/robots/__pycache__) by extension 'ignore'
[1.556s] Level 1:colcon.colcon_core.package_identification:_identify(lerobots/robots/__pycache__) by extension 'ignore_ament_install'
[1.556s] Level 1:colcon.colcon_core.package_identification:_identify(lerobots/robots/__pycache__) by extensions ['colcon_pkg']
[1.556s] Level 1:colcon.colcon_core.package_identification:_identify(lerobots/robots/__pycache__) by extension 'colcon_pkg'
[1.557s] Level 1:colcon.colcon_core.package_identification:_identify(lerobots/robots/__pycache__) by extensions ['colcon_meta']
[1.557s] Level 1:colcon.colcon_core.package_identification:_identify(lerobots/robots/__pycache__) by extension 'colcon_meta'
[1.557s] Level 1:colcon.colcon_core.package_identification:_identify(lerobots/robots/__pycache__) by extensions ['ros']
[1.557s] Level 1:colcon.colcon_core.package_identification:_identify(lerobots/robots/__pycache__) by extension 'ros'
[1.557s] Level 1:colcon.colcon_core.package_identification:_identify(lerobots/robots/__pycache__) by extensions ['cmake', 'python']
[1.557s] Level 1:colcon.colcon_core.package_identification:_identify(lerobots/robots/__pycache__) by extension 'cmake'
[1.558s] Level 1:colcon.colcon_core.package_identification:_identify(lerobots/robots/__pycache__) by extension 'python'
[1.558s] Level 1:colcon.colcon_core.package_identification:_identify(lerobots/robots/__pycache__) by extensions ['python_setup_py']
[1.558s] Level 1:colcon.colcon_core.package_identification:_identify(lerobots/robots/__pycache__) by extension 'python_setup_py'
[1.558s] Level 1:colcon.colcon_core.package_identification:_identify(log) by extensions ['ignore', 'ignore_ament_install']
[1.559s] Level 1:colcon.colcon_core.package_identification:_identify(log) by extension 'ignore'
[1.559s] Level 1:colcon.colcon_core.package_identification:_identify(log) ignored
[1.559s] Level 1:colcon.colcon_core.package_identification:_identify(mogi_trajectory_server) by extensions ['ignore', 'ignore_ament_install']
[1.559s] Level 1:colcon.colcon_core.package_identification:_identify(mogi_trajectory_server) by extension 'ignore'
[1.560s] Level 1:colcon.colcon_core.package_identification:_identify(mogi_trajectory_server) by extension 'ignore_ament_install'
[1.560s] Level 1:colcon.colcon_core.package_identification:_identify(mogi_trajectory_server) by extensions ['colcon_pkg']
[1.560s] Level 1:colcon.colcon_core.package_identification:_identify(mogi_trajectory_server) by extension 'colcon_pkg'
[1.560s] Level 1:colcon.colcon_core.package_identification:_identify(mogi_trajectory_server) by extensions ['colcon_meta']
[1.560s] Level 1:colcon.colcon_core.package_identification:_identify(mogi_trajectory_server) by extension 'colcon_meta'
[1.560s] Level 1:colcon.colcon_core.package_identification:_identify(mogi_trajectory_server) by extensions ['ros']
[1.560s] Level 1:colcon.colcon_core.package_identification:_identify(mogi_trajectory_server) by extension 'ros'
[1.561s] Level 1:colcon.colcon_core.package_identification:_identify(mogi_trajectory_server) by extensions ['cmake', 'python']
[1.561s] Level 1:colcon.colcon_core.package_identification:_identify(mogi_trajectory_server) by extension 'cmake'
[1.561s] Level 1:colcon.colcon_core.package_identification:_identify(mogi_trajectory_server) by extension 'python'
[1.561s] Level 1:colcon.colcon_core.package_identification:_identify(mogi_trajectory_server) by extensions ['python_setup_py']
[1.561s] Level 1:colcon.colcon_core.package_identification:_identify(mogi_trajectory_server) by extension 'python_setup_py'
[1.562s] Level 1:colcon.colcon_core.package_identification:_identify(navigator) by extensions ['ignore', 'ignore_ament_install']
[1.562s] Level 1:colcon.colcon_core.package_identification:_identify(navigator) by extension 'ignore'
[1.562s] Level 1:colcon.colcon_core.package_identification:_identify(navigator) by extension 'ignore_ament_install'
[1.562s] Level 1:colcon.colcon_core.package_identification:_identify(navigator) by extensions ['colcon_pkg']
[1.563s] Level 1:colcon.colcon_core.package_identification:_identify(navigator) by extension 'colcon_pkg'
[1.563s] Level 1:colcon.colcon_core.package_identification:_identify(navigator) by extensions ['colcon_meta']
[1.563s] Level 1:colcon.colcon_core.package_identification:_identify(navigator) by extension 'colcon_meta'
[1.563s] Level 1:colcon.colcon_core.package_identification:_identify(navigator) by extensions ['ros']
[1.563s] Level 1:colcon.colcon_core.package_identification:_identify(navigator) by extension 'ros'
[1.567s] DEBUG:colcon.colcon_core.package_identification:Package 'navigator' with type 'ros.ament_python' and name 'navigator'
[1.568s] Level 1:colcon.colcon_core.package_discovery:discover_packages(recursive) using defaults
[1.568s] Level 1:colcon.colcon_core.package_discovery:discover_packages(ignore) discover
[1.568s] Level 1:colcon.colcon_core.package_discovery:discover_packages(ignore) using defaults
[1.568s] Level 1:colcon.colcon_core.package_discovery:discover_packages(path) discover
[1.568s] Level 1:colcon.colcon_core.package_discovery:discover_packages(path) using defaults
[1.689s] INFO:colcon.colcon_core.package_selection:Skipping not selected package 'navigator' in 'navigator'
[1.691s] Level 1:colcon.colcon_core.package_discovery:discover_packages(prefix_path) check parameters
[1.691s] Level 1:colcon.colcon_core.package_discovery:discover_packages(prefix_path) discover
[1.714s] DEBUG:colcon.colcon_installed_package_information.package_discovery:Found 2 installed packages in /home/dark/ros2_ws/src2/Project_PathBlazers/src/install
[1.733s] DEBUG:colcon.colcon_installed_package_information.package_discovery:Found 386 installed packages in /opt/ros/jazzy
[1.744s] Level 1:colcon.colcon_core.package_discovery:discover_packages(prefix_path) using defaults
[2.266s] Level 5:colcon.colcon_core.verb:set package 'bots' build argument 'cmake_args' from command line to 'None'
[2.266s] Level 5:colcon.colcon_core.verb:set package 'bots' build argument 'cmake_target' from command line to 'None'
[2.267s] Level 5:colcon.colcon_core.verb:set package 'bots' build argument 'cmake_target_skip_unavailable' from command line to 'False'
[2.267s] Level 5:colcon.colcon_core.verb:set package 'bots' build argument 'cmake_clean_cache' from command line to 'False'
[2.267s] Level 5:colcon.colcon_core.verb:set package 'bots' build argument 'cmake_clean_first' from command line to 'False'
[2.267s] Level 5:colcon.colcon_core.verb:set package 'bots' build argument 'cmake_force_configure' from command line to 'False'
[2.268s] Level 5:colcon.colcon_core.verb:set package 'bots' build argument 'ament_cmake_args' from command line to 'None'
[2.268s] Level 5:colcon.colcon_core.verb:set package 'bots' build argument 'catkin_cmake_args' from command line to 'None'
[2.268s] Level 5:colcon.colcon_core.verb:set package 'bots' build argument 'catkin_skip_building_tests' from command line to 'False'
[2.268s] DEBUG:colcon.colcon_core.verb:Building package 'bots' with the following arguments: {'ament_cmake_args': None, 'build_base': '/home/dark/ros2_ws/src2/Project_PathBlazers/src/build/bots', 'catkin_cmake_args': None, 'catkin_skip_building_tests': False, 'cmake_args': None, 'cmake_clean_cache': False, 'cmake_clean_first': False, 'cmake_force_configure': False, 'cmake_target': None, 'cmake_target_skip_unavailable': False, 'install_base': '/home/dark/ros2_ws/src2/Project_PathBlazers/src/install/bots', 'merge_install': False, 'path': '/home/dark/ros2_ws/src2/Project_PathBlazers/src/bots', 'symlink_install': True, 'test_result_base': None}
[2.269s] INFO:colcon.colcon_core.executor:Executing jobs using 'parallel' executor
[2.276s] DEBUG:colcon.colcon_parallel_executor.executor.parallel:run_until_complete
[2.278s] INFO:colcon.colcon_ros.task.ament_python.build:Building ROS package in '/home/dark/ros2_ws/src2/Project_PathBlazers/src/bots' with build type 'ament_python'
[2.280s] Level 1:colcon.colcon_core.shell:create_environment_hook('bots', 'ament_prefix_path')
[2.293s] INFO:colcon.colcon_core.plugin_system:Skipping extension 'colcon_core.shell.bat': Not used on non-Windows systems
[2.294s] INFO:colcon.colcon_core.shell:Creating environment hook '/home/dark/ros2_ws/src2/Project_PathBlazers/src/install/bots/share/bots/hook/ament_prefix_path.ps1'
[2.296s] INFO:colcon.colcon_core.shell:Creating environment descriptor '/home/dark/ros2_ws/src2/Project_PathBlazers/src/install/bots/share/bots/hook/ament_prefix_path.dsv'
[2.298s] INFO:colcon.colcon_core.shell:Creating environment hook '/home/dark/ros2_ws/src2/Project_PathBlazers/src/install/bots/share/bots/hook/ament_prefix_path.sh'
[2.300s] INFO:colcon.colcon_core.shell:Skip shell extension 'powershell' for command environment: Not usable outside of PowerShell
[2.300s] DEBUG:colcon.colcon_core.shell:Skip shell extension 'dsv' for command environment
[3.619s] INFO:colcon.colcon_core.task.python.build:Building Python package in '/home/dark/ros2_ws/src2/Project_PathBlazers/src/bots'
[3.620s] INFO:colcon.colcon_core.shell:Skip shell extension 'powershell' for command environment: Not usable outside of PowerShell
[3.620s] DEBUG:colcon.colcon_core.shell:Skip shell extension 'dsv' for command environment
[7.188s] DEBUG:colcon.colcon_core.event_handler.log_command:Invoking command in '/home/dark/ros2_ws/src2/Project_PathBlazers/src/build/bots': DEBUGINFOD_URLS=https://debuginfod.ubuntu.com PYTHONPATH=/home/dark/ros2_ws/src2/Project_PathBlazers/src/build/bots/prefix_override:/usr/lib/python3/dist-packages/colcon_core/task/python/colcon_distutils_commands:/home/dark/ros2_ws/src2/Project_PathBlazers/src/install/bots/lib/python3.12/site-packages:${PYTHONPATH} /usr/bin/python3 -W ignore:setup.py install is deprecated -W ignore:easy_install command is deprecated setup.py develop --editable --build-directory /home/dark/ros2_ws/src2/Project_PathBlazers/src/build/bots/build --no-deps symlink_data
[10.664s] Level 1:colcon.colcon_core.shell:create_environment_hook('bots', 'pythonpath_develop')
[10.666s] INFO:colcon.colcon_core.shell:Creating environment hook '/home/dark/ros2_ws/src2/Project_PathBlazers/src/build/bots/share/bots/hook/pythonpath_develop.ps1'
[10.669s] DEBUG:colcon.colcon_core.event_handler.log_command:Invoked command in '/home/dark/ros2_ws/src2/Project_PathBlazers/src/build/bots' returned '0': DEBUGINFOD_URLS=https://debuginfod.ubuntu.com PYTHONPATH=/home/dark/ros2_ws/src2/Project_PathBlazers/src/build/bots/prefix_override:/usr/lib/python3/dist-packages/colcon_core/task/python/colcon_distutils_commands:/home/dark/ros2_ws/src2/Project_PathBlazers/src/install/bots/lib/python3.12/site-packages:${PYTHONPATH} /usr/bin/python3 -W ignore:setup.py install is deprecated -W ignore:easy_install command is deprecated setup.py develop --editable --build-directory /home/dark/ros2_ws/src2/Project_PathBlazers/src/build/bots/build --no-deps symlink_data
[10.670s] INFO:colcon.colcon_core.shell:Creating environment descriptor '/home/dark/ros2_ws/src2/Project_PathBlazers/src/build/bots/share/bots/hook/pythonpath_develop.dsv'
[10.672s] INFO:colcon.colcon_core.shell:Creating environment hook '/home/dark/ros2_ws/src2/Project_PathBlazers/src/build/bots/share/bots/hook/pythonpath_develop.sh'
[10.693s] Level 1:colcon.colcon_core.environment:checking '/home/dark/ros2_ws/src2/Project_PathBlazers/src/install/bots' for CMake module files
[10.697s] Level 1:colcon.colcon_core.environment:checking '/home/dark/ros2_ws/src2/Project_PathBlazers/src/install/bots' for CMake config files
[10.702s] Level 1:colcon.colcon_core.environment:checking '/home/dark/ros2_ws/src2/Project_PathBlazers/src/install/bots/lib'
[10.703s] Level 1:colcon.colcon_core.environment:checking '/home/dark/ros2_ws/src2/Project_PathBlazers/src/install/bots/bin'
[10.703s] Level 1:colcon.colcon_core.environment:checking '/home/dark/ros2_ws/src2/Project_PathBlazers/src/install/bots/lib/pkgconfig/bots.pc'
[10.704s] Level 1:colcon.colcon_core.environment:checking '/home/dark/ros2_ws/src2/Project_PathBlazers/src/install/bots/lib/python3.12/site-packages'
[10.705s] Level 1:colcon.colcon_core.shell:create_environment_hook('bots', 'pythonpath')
[10.705s] INFO:colcon.colcon_core.shell:Creating environment hook '/home/dark/ros2_ws/src2/Project_PathBlazers/src/install/bots/share/bots/hook/pythonpath.ps1'
[10.707s] INFO:colcon.colcon_core.shell:Creating environment descriptor '/home/dark/ros2_ws/src2/Project_PathBlazers/src/install/bots/share/bots/hook/pythonpath.dsv'
[10.709s] INFO:colcon.colcon_core.shell:Creating environment hook '/home/dark/ros2_ws/src2/Project_PathBlazers/src/install/bots/share/bots/hook/pythonpath.sh'
[10.711s] Level 1:colcon.colcon_core.environment:checking '/home/dark/ros2_ws/src2/Project_PathBlazers/src/install/bots/bin'
[10.711s] Level 1:colcon.colcon_core.environment:create_environment_scripts_only(bots)
[10.713s] INFO:colcon.colcon_core.shell:Creating package script '/home/dark/ros2_ws/src2/Project_PathBlazers/src/install/bots/share/bots/package.ps1'
[10.718s] INFO:colcon.colcon_core.shell:Creating package descriptor '/home/dark/ros2_ws/src2/Project_PathBlazers/src/install/bots/share/bots/package.dsv'
[10.722s] INFO:colcon.colcon_core.shell:Creating package script '/home/dark/ros2_ws/src2/Project_PathBlazers/src/install/bots/share/bots/package.sh'
[10.727s] INFO:colcon.colcon_core.shell:Creating package script '/home/dark/ros2_ws/src2/Project_PathBlazers/src/install/bots/share/bots/package.bash'
[10.731s] INFO:colcon.colcon_core.shell:Creating package script '/home/dark/ros2_ws/src2/Project_PathBlazers/src/install/bots/share/bots/package.zsh'
[10.734s] Level 1:colcon.colcon_core.environment:create_file_with_runtime_dependencies(/home/dark/ros2_ws/src2/Project_PathBlazers/src/install/bots/share/colcon-core/packages/bots)
[10.736s] DEBUG:colcon.colcon_parallel_executor.executor.parallel:closing loop
[10.738s] DEBUG:colcon.colcon_parallel_executor.executor.parallel:loop closed
[10.738s] DEBUG:colcon.colcon_parallel_executor.executor.parallel:run_until_complete finished with '0'
[10.738s] DEBUG:colcon.colcon_core.event_reactor:joining thread
[10.782s] INFO:colcon.colcon_core.plugin_system:Skipping extension 'colcon_notification.desktop_notification.terminal_notifier': Not used on non-Darwin systems
[10.783s] INFO:colcon.colcon_core.plugin_system:Skipping extension 'colcon_notification.desktop_notification.win32': Not used on non-Windows systems
[10.783s] INFO:colcon.colcon_notification.desktop_notification:Sending desktop notification using 'notify2'
[10.878s] DEBUG:colcon.colcon_core.event_reactor:joined thread
[10.879s] INFO:colcon.colcon_core.shell:Creating prefix script '/home/dark/ros2_ws/src2/Project_PathBlazers/src/install/local_setup.ps1'
[10.882s] INFO:colcon.colcon_core.shell:Creating prefix util module '/home/dark/ros2_ws/src2/Project_PathBlazers/src/install/_local_setup_util_ps1.py'
[10.886s] INFO:colcon.colcon_core.shell:Creating prefix chain script '/home/dark/ros2_ws/src2/Project_PathBlazers/src/install/setup.ps1'
[10.891s] INFO:colcon.colcon_core.shell:Creating prefix script '/home/dark/ros2_ws/src2/Project_PathBlazers/src/install/local_setup.sh'
[10.895s] INFO:colcon.colcon_core.shell:Creating prefix util module '/home/dark/ros2_ws/src2/Project_PathBlazers/src/install/_local_setup_util_sh.py'
[10.899s] INFO:colcon.colcon_core.shell:Creating prefix chain script '/home/dark/ros2_ws/src2/Project_PathBlazers/src/install/setup.sh'
[10.903s] INFO:colcon.colcon_core.shell:Creating prefix script '/home/dark/ros2_ws/src2/Project_PathBlazers/src/install/local_setup.bash'
[10.906s] INFO:colcon.colcon_core.shell:Creating prefix chain script '/home/dark/ros2_ws/src2/Project_PathBlazers/src/install/setup.bash'
[10.911s] INFO:colcon.colcon_core.shell:Creating prefix script '/home/dark/ros2_ws/src2/Project_PathBlazers/src/install/local_setup.zsh'
[10.914s] INFO:colcon.colcon_core.shell:Creating prefix chain script '/home/dark/ros2_ws/src2/Project_PathBlazers/src/install/setup.zsh'
