[0.190s] DEBUG:colcon:Command line arguments: ['/usr/bin/colcon', 'build', '--packages-select', 'bots']
[0.190s] DEBUG:colcon:Parsed command line arguments: Namespace(log_base=None, log_level=None, verb_name='build', build_base='build', install_base='install', merge_install=False, symlink_install=False, test_result_base=None, continue_on_error=False, executor='parallel', parallel_workers=16, event_handlers=None, ignore_user_meta=False, metas=['./colcon.meta'], base_paths=['.'], packages_ignore=None, packages_ignore_regex=None, paths=None, packages_up_to=None, packages_up_to_regex=None, packages_above=None, packages_above_and_dependencies=None, packages_above_depth=None, packages_select_by_dep=None, packages_skip_by_dep=None, packages_skip_up_to=None, packages_select_build_failed=False, packages_skip_build_finished=False, packages_select_test_failures=False, packages_skip_test_passed=False, packages_select=['bots'], packages_skip=None, packages_select_regex=None, packages_skip_regex=None, packages_start=None, packages_end=None, allow_overriding=[], cmake_args=None, cmake_target=None, cmake_target_skip_unavailable=False, cmake_clean_cache=False, cmake_clean_first=False, cmake_force_configure=False, ament_cmake_args=None, catkin_cmake_args=None, catkin_skip_building_tests=False, mixin_files=None, mixin=None, verb_parser=<colcon_mixin.mixin.mixin_argument.MixinArgumentDecorator object at 0x77f9ed846ae0>, verb_extension=<colcon_core.verb.build.BuildVerb object at 0x77f9ed846780>, main=<bound method BuildVerb.main of <colcon_core.verb.build.BuildVerb object at 0x77f9ed846780>>, mixin_verb=('build',))
[0.251s] Level 1:colcon.colcon_core.package_discovery:discover_packages(colcon_meta) check parameters
[0.252s] Level 1:colcon.colcon_core.package_discovery:discover_packages(recursive) check parameters
[0.252s] Level 1:colcon.colcon_core.package_discovery:discover_packages(ignore) check parameters
[0.252s] Level 1:colcon.colcon_core.package_discovery:discover_packages(path) check parameters
[0.252s] Level 1:colcon.colcon_core.package_discovery:discover_packages(colcon_meta) discover
[0.252s] Level 1:colcon.colcon_core.package_discovery:discover_packages(recursive) discover
[0.252s] INFO:colcon.colcon_core.package_discovery:Crawling recursively for packages in '/home/dark/ros2_ws/src2/Project_PathBlazers/src'
[0.252s] Level 1:colcon.colcon_core.package_identification:_identify(.) by extensions ['ignore', 'ignore_ament_install']
[0.252s] Level 1:colcon.colcon_core.package_identification:_identify(.) by extension 'ignore'
[0.252s] Level 1:colcon.colcon_core.package_identification:_identify(.) by extension 'ignore_ament_install'
[0.252s] Level 1:colcon.colcon_core.package_identification:_identify(.) by extensions ['colcon_pkg']
[0.253s] Level 1:colcon.colcon_core.package_identification:_identify(.) by extension 'colcon_pkg'
[0.253s] Level 1:colcon.colcon_core.package_identification:_identify(.) by extensions ['colcon_meta']
[0.253s] Level 1:colcon.colcon_core.package_identification:_identify(.) by extension 'colcon_meta'
[0.253s] Level 1:colcon.colcon_core.package_identification:_identify(.) by extensions ['ros']
[0.253s] Level 1:colcon.colcon_core.package_identification:_identify(.) by extension 'ros'
[0.393s] Level 1:colcon.colcon_core.package_identification:_identify(.) by extensions ['cmake', 'python']
[0.394s] Level 1:colcon.colcon_core.package_identification:_identify(.) by extension 'cmake'
[0.394s] Level 1:colcon.colcon_core.package_identification:_identify(.) by extension 'python'
[0.394s] Level 1:colcon.colcon_core.package_identification:_identify(.) by extensions ['python_setup_py']
[0.394s] Level 1:colcon.colcon_core.package_identification:_identify(.) by extension 'python_setup_py'
[0.394s] Level 1:colcon.colcon_core.package_identification:_identify(bots) by extensions ['ignore', 'ignore_ament_install']
[0.395s] Level 1:colcon.colcon_core.package_identification:_identify(bots) by extension 'ignore'
[0.396s] Level 1:colcon.colcon_core.package_identification:_identify(bots) by extension 'ignore_ament_install'
[0.396s] Level 1:colcon.colcon_core.package_identification:_identify(bots) by extensions ['colcon_pkg']
[0.397s] Level 1:colcon.colcon_core.package_identification:_identify(bots) by extension 'colcon_pkg'
[0.397s] Level 1:colcon.colcon_core.package_identification:_identify(bots) by extensions ['colcon_meta']
[0.398s] Level 1:colcon.colcon_core.package_identification:_identify(bots) by extension 'colcon_meta'
[0.398s] Level 1:colcon.colcon_core.package_identification:_identify(bots) by extensions ['ros']
[0.398s] Level 1:colcon.colcon_core.package_identification:_identify(bots) by extension 'ros'
[0.420s] DEBUG:colcon.colcon_core.package_identification:Package 'bots' with type 'ros.ament_python' and name 'bots'
[0.420s] Level 1:colcon.colcon_core.package_identification:_identify(build) by extensions ['ignore', 'ignore_ament_install']
[0.420s] Level 1:colcon.colcon_core.package_identification:_identify(build) by extension 'ignore'
[0.420s] Level 1:colcon.colcon_core.package_identification:_identify(build) ignored
[0.421s] Level 1:colcon.colcon_core.package_identification:_identify(install) by extensions ['ignore', 'ignore_ament_install']
[0.421s] Level 1:colcon.colcon_core.package_identification:_identify(install) by extension 'ignore'
[0.421s] Level 1:colcon.colcon_core.package_identification:_identify(install) ignored
[0.421s] Level 1:colcon.colcon_core.package_identification:_identify(lerobots) by extensions ['ignore', 'ignore_ament_install']
[0.421s] Level 1:colcon.colcon_core.package_identification:_identify(lerobots) by extension 'ignore'
[0.421s] Level 1:colcon.colcon_core.package_identification:_identify(lerobots) by extension 'ignore_ament_install'
[0.421s] Level 1:colcon.colcon_core.package_identification:_identify(lerobots) by extensions ['colcon_pkg']
[0.421s] Level 1:colcon.colcon_core.package_identification:_identify(lerobots) by extension 'colcon_pkg'
[0.421s] Level 1:colcon.colcon_core.package_identification:_identify(lerobots) by extensions ['colcon_meta']
[0.421s] Level 1:colcon.colcon_core.package_identification:_identify(lerobots) by extension 'colcon_meta'
[0.421s] Level 1:colcon.colcon_core.package_identification:_identify(lerobots) by extensions ['ros']
[0.421s] Level 1:colcon.colcon_core.package_identification:_identify(lerobots) by extension 'ros'
[0.421s] Level 1:colcon.colcon_core.package_identification:_identify(lerobots) by extensions ['cmake', 'python']
[0.422s] Level 1:colcon.colcon_core.package_identification:_identify(lerobots) by extension 'cmake'
[0.422s] Level 1:colcon.colcon_core.package_identification:_identify(lerobots) by extension 'python'
[0.422s] Level 1:colcon.colcon_core.package_identification:_identify(lerobots) by extensions ['python_setup_py']
[0.422s] Level 1:colcon.colcon_core.package_identification:_identify(lerobots) by extension 'python_setup_py'
[0.422s] Level 1:colcon.colcon_core.package_identification:_identify(lerobots/robots) by extensions ['ignore', 'ignore_ament_install']
[0.422s] Level 1:colcon.colcon_core.package_identification:_identify(lerobots/robots) by extension 'ignore'
[0.422s] Level 1:colcon.colcon_core.package_identification:_identify(lerobots/robots) by extension 'ignore_ament_install'
[0.422s] Level 1:colcon.colcon_core.package_identification:_identify(lerobots/robots) by extensions ['colcon_pkg']
[0.422s] Level 1:colcon.colcon_core.package_identification:_identify(lerobots/robots) by extension 'colcon_pkg'
[0.422s] Level 1:colcon.colcon_core.package_identification:_identify(lerobots/robots) by extensions ['colcon_meta']
[0.422s] Level 1:colcon.colcon_core.package_identification:_identify(lerobots/robots) by extension 'colcon_meta'
[0.422s] Level 1:colcon.colcon_core.package_identification:_identify(lerobots/robots) by extensions ['ros']
[0.422s] Level 1:colcon.colcon_core.package_identification:_identify(lerobots/robots) by extension 'ros'
[0.422s] Level 1:colcon.colcon_core.package_identification:_identify(lerobots/robots) by extensions ['cmake', 'python']
[0.422s] Level 1:colcon.colcon_core.package_identification:_identify(lerobots/robots) by extension 'cmake'
[0.422s] Level 1:colcon.colcon_core.package_identification:_identify(lerobots/robots) by extension 'python'
[0.422s] Level 1:colcon.colcon_core.package_identification:_identify(lerobots/robots) by extensions ['python_setup_py']
[0.422s] Level 1:colcon.colcon_core.package_identification:_identify(lerobots/robots) by extension 'python_setup_py'
[0.422s] Level 1:colcon.colcon_core.package_identification:_identify(lerobots/robots/__pycache__) by extensions ['ignore', 'ignore_ament_install']
[0.423s] Level 1:colcon.colcon_core.package_identification:_identify(lerobots/robots/__pycache__) by extension 'ignore'
[0.423s] Level 1:colcon.colcon_core.package_identification:_identify(lerobots/robots/__pycache__) by extension 'ignore_ament_install'
[0.423s] Level 1:colcon.colcon_core.package_identification:_identify(lerobots/robots/__pycache__) by extensions ['colcon_pkg']
[0.423s] Level 1:colcon.colcon_core.package_identification:_identify(lerobots/robots/__pycache__) by extension 'colcon_pkg'
[0.423s] Level 1:colcon.colcon_core.package_identification:_identify(lerobots/robots/__pycache__) by extensions ['colcon_meta']
[0.423s] Level 1:colcon.colcon_core.package_identification:_identify(lerobots/robots/__pycache__) by extension 'colcon_meta'
[0.423s] Level 1:colcon.colcon_core.package_identification:_identify(lerobots/robots/__pycache__) by extensions ['ros']
[0.423s] Level 1:colcon.colcon_core.package_identification:_identify(lerobots/robots/__pycache__) by extension 'ros'
[0.423s] Level 1:colcon.colcon_core.package_identification:_identify(lerobots/robots/__pycache__) by extensions ['cmake', 'python']
[0.423s] Level 1:colcon.colcon_core.package_identification:_identify(lerobots/robots/__pycache__) by extension 'cmake'
[0.423s] Level 1:colcon.colcon_core.package_identification:_identify(lerobots/robots/__pycache__) by extension 'python'
[0.423s] Level 1:colcon.colcon_core.package_identification:_identify(lerobots/robots/__pycache__) by extensions ['python_setup_py']
[0.423s] Level 1:colcon.colcon_core.package_identification:_identify(lerobots/robots/__pycache__) by extension 'python_setup_py'
[0.423s] Level 1:colcon.colcon_core.package_identification:_identify(log) by extensions ['ignore', 'ignore_ament_install']
[0.423s] Level 1:colcon.colcon_core.package_identification:_identify(log) by extension 'ignore'
[0.423s] Level 1:colcon.colcon_core.package_identification:_identify(log) ignored
[0.423s] Level 1:colcon.colcon_core.package_identification:_identify(mogi_trajectory_server) by extensions ['ignore', 'ignore_ament_install']
[0.424s] Level 1:colcon.colcon_core.package_identification:_identify(mogi_trajectory_server) by extension 'ignore'
[0.424s] Level 1:colcon.colcon_core.package_identification:_identify(mogi_trajectory_server) by extension 'ignore_ament_install'
[0.424s] Level 1:colcon.colcon_core.package_identification:_identify(mogi_trajectory_server) by extensions ['colcon_pkg']
[0.424s] Level 1:colcon.colcon_core.package_identification:_identify(mogi_trajectory_server) by extension 'colcon_pkg'
[0.424s] Level 1:colcon.colcon_core.package_identification:_identify(mogi_trajectory_server) by extensions ['colcon_meta']
[0.424s] Level 1:colcon.colcon_core.package_identification:_identify(mogi_trajectory_server) by extension 'colcon_meta'
[0.424s] Level 1:colcon.colcon_core.package_identification:_identify(mogi_trajectory_server) by extensions ['ros']
[0.424s] Level 1:colcon.colcon_core.package_identification:_identify(mogi_trajectory_server) by extension 'ros'
[0.425s] Level 1:colcon.colcon_core.package_identification:_identify(mogi_trajectory_server) by extensions ['cmake', 'python']
[0.426s] Level 1:colcon.colcon_core.package_identification:_identify(mogi_trajectory_server) by extension 'cmake'
[0.426s] Level 1:colcon.colcon_core.package_identification:_identify(mogi_trajectory_server) by extension 'python'
[0.427s] Level 1:colcon.colcon_core.package_identification:_identify(mogi_trajectory_server) by extensions ['python_setup_py']
[0.427s] Level 1:colcon.colcon_core.package_identification:_identify(mogi_trajectory_server) by extension 'python_setup_py'
[0.428s] Level 1:colcon.colcon_core.package_identification:_identify(navigator) by extensions ['ignore', 'ignore_ament_install']
[0.429s] Level 1:colcon.colcon_core.package_identification:_identify(navigator) by extension 'ignore'
[0.430s] Level 1:colcon.colcon_core.package_identification:_identify(navigator) by extension 'ignore_ament_install'
[0.430s] Level 1:colcon.colcon_core.package_identification:_identify(navigator) by extensions ['colcon_pkg']
[0.431s] Level 1:colcon.colcon_core.package_identification:_identify(navigator) by extension 'colcon_pkg'
[0.431s] Level 1:colcon.colcon_core.package_identification:_identify(navigator) by extensions ['colcon_meta']
[0.432s] Level 1:colcon.colcon_core.package_identification:_identify(navigator) by extension 'colcon_meta'
[0.432s] Level 1:colcon.colcon_core.package_identification:_identify(navigator) by extensions ['ros']
[0.432s] Level 1:colcon.colcon_core.package_identification:_identify(navigator) by extension 'ros'
[0.441s] DEBUG:colcon.colcon_core.package_identification:Package 'navigator' with type 'ros.ament_python' and name 'navigator'
[0.441s] Level 1:colcon.colcon_core.package_discovery:discover_packages(recursive) using defaults
[0.442s] Level 1:colcon.colcon_core.package_discovery:discover_packages(ignore) discover
[0.442s] Level 1:colcon.colcon_core.package_discovery:discover_packages(ignore) using defaults
[0.442s] Level 1:colcon.colcon_core.package_discovery:discover_packages(path) discover
[0.442s] Level 1:colcon.colcon_core.package_discovery:discover_packages(path) using defaults
[0.600s] INFO:colcon.colcon_core.package_selection:Skipping not selected package 'navigator' in 'navigator'
[0.601s] Level 1:colcon.colcon_core.package_discovery:discover_packages(prefix_path) check parameters
[0.601s] Level 1:colcon.colcon_core.package_discovery:discover_packages(prefix_path) discover
[0.604s] DEBUG:colcon.colcon_installed_package_information.package_discovery:Found 2 installed packages in /home/dark/ros2_ws/src2/Project_PathBlazers/src/install
[0.606s] DEBUG:colcon.colcon_installed_package_information.package_discovery:Found 386 installed packages in /opt/ros/jazzy
[0.609s] Level 1:colcon.colcon_core.package_discovery:discover_packages(prefix_path) using defaults
[0.678s] Level 5:colcon.colcon_core.verb:set package 'bots' build argument 'cmake_args' from command line to 'None'
[0.678s] Level 5:colcon.colcon_core.verb:set package 'bots' build argument 'cmake_target' from command line to 'None'
[0.678s] Level 5:colcon.colcon_core.verb:set package 'bots' build argument 'cmake_target_skip_unavailable' from command line to 'False'
[0.678s] Level 5:colcon.colcon_core.verb:set package 'bots' build argument 'cmake_clean_cache' from command line to 'False'
[0.678s] Level 5:colcon.colcon_core.verb:set package 'bots' build argument 'cmake_clean_first' from command line to 'False'
[0.678s] Level 5:colcon.colcon_core.verb:set package 'bots' build argument 'cmake_force_configure' from command line to 'False'
[0.678s] Level 5:colcon.colcon_core.verb:set package 'bots' build argument 'ament_cmake_args' from command line to 'None'
[0.678s] Level 5:colcon.colcon_core.verb:set package 'bots' build argument 'catkin_cmake_args' from command line to 'None'
[0.678s] Level 5:colcon.colcon_core.verb:set package 'bots' build argument 'catkin_skip_building_tests' from command line to 'False'
[0.678s] DEBUG:colcon.colcon_core.verb:Building package 'bots' with the following arguments: {'ament_cmake_args': None, 'build_base': '/home/dark/ros2_ws/src2/Project_PathBlazers/src/build/bots', 'catkin_cmake_args': None, 'catkin_skip_building_tests': False, 'cmake_args': None, 'cmake_clean_cache': False, 'cmake_clean_first': False, 'cmake_force_configure': False, 'cmake_target': None, 'cmake_target_skip_unavailable': False, 'install_base': '/home/dark/ros2_ws/src2/Project_PathBlazers/src/install/bots', 'merge_install': False, 'path': '/home/dark/ros2_ws/src2/Project_PathBlazers/src/bots', 'symlink_install': False, 'test_result_base': None}
[0.678s] INFO:colcon.colcon_core.executor:Executing jobs using 'parallel' executor
[0.680s] DEBUG:colcon.colcon_parallel_executor.executor.parallel:run_until_complete
[0.680s] INFO:colcon.colcon_ros.task.ament_python.build:Building ROS package in '/home/dark/ros2_ws/src2/Project_PathBlazers/src/bots' with build type 'ament_python'
[0.681s] Level 1:colcon.colcon_core.shell:create_environment_hook('bots', 'ament_prefix_path')
[0.689s] INFO:colcon.colcon_core.plugin_system:Skipping extension 'colcon_core.shell.bat': Not used on non-Windows systems
[0.691s] INFO:colcon.colcon_core.shell:Creating environment hook '/home/dark/ros2_ws/src2/Project_PathBlazers/src/install/bots/share/bots/hook/ament_prefix_path.ps1'
[0.696s] INFO:colcon.colcon_core.shell:Creating environment descriptor '/home/dark/ros2_ws/src2/Project_PathBlazers/src/install/bots/share/bots/hook/ament_prefix_path.dsv'
[0.697s] INFO:colcon.colcon_core.shell:Creating environment hook '/home/dark/ros2_ws/src2/Project_PathBlazers/src/install/bots/share/bots/hook/ament_prefix_path.sh'
[0.698s] INFO:colcon.colcon_core.shell:Skip shell extension 'powershell' for command environment: Not usable outside of PowerShell
[0.698s] DEBUG:colcon.colcon_core.shell:Skip shell extension 'dsv' for command environment
[1.202s] INFO:colcon.colcon_core.task.python.build:Building Python package in '/home/dark/ros2_ws/src2/Project_PathBlazers/src/bots'
[1.202s] INFO:colcon.colcon_core.shell:Skip shell extension 'powershell' for command environment: Not usable outside of PowerShell
[1.202s] DEBUG:colcon.colcon_core.shell:Skip shell extension 'dsv' for command environment
[2.428s] DEBUG:colcon.colcon_core.event_handler.log_command:Invoking command in '/home/dark/ros2_ws/src2/Project_PathBlazers/src/bots': DEBUGINFOD_URLS=https://debuginfod.ubuntu.com PYTHONPATH=/home/dark/ros2_ws/src2/Project_PathBlazers/src/build/bots/prefix_override:/usr/lib/python3/dist-packages/colcon_core/task/python/colcon_distutils_commands:/home/dark/ros2_ws/src2/Project_PathBlazers/src/install/bots/lib/python3.12/site-packages:${PYTHONPATH} /usr/bin/python3 -W ignore:setup.py install is deprecated -W ignore:easy_install command is deprecated setup.py egg_info --egg-base ../build/bots build --build-base /home/dark/ros2_ws/src2/Project_PathBlazers/src/build/bots/build install --record /home/dark/ros2_ws/src2/Project_PathBlazers/src/build/bots/install.log --single-version-externally-managed install_data
[3.490s] DEBUG:colcon.colcon_core.event_handler.log_command:Invoked command in '/home/dark/ros2_ws/src2/Project_PathBlazers/src/bots' returned '0': DEBUGINFOD_URLS=https://debuginfod.ubuntu.com PYTHONPATH=/home/dark/ros2_ws/src2/Project_PathBlazers/src/build/bots/prefix_override:/usr/lib/python3/dist-packages/colcon_core/task/python/colcon_distutils_commands:/home/dark/ros2_ws/src2/Project_PathBlazers/src/install/bots/lib/python3.12/site-packages:${PYTHONPATH} /usr/bin/python3 -W ignore:setup.py install is deprecated -W ignore:easy_install command is deprecated setup.py egg_info --egg-base ../build/bots build --build-base /home/dark/ros2_ws/src2/Project_PathBlazers/src/build/bots/build install --record /home/dark/ros2_ws/src2/Project_PathBlazers/src/build/bots/install.log --single-version-externally-managed install_data
[3.496s] Level 1:colcon.colcon_core.environment:checking '/home/dark/ros2_ws/src2/Project_PathBlazers/src/install/bots' for CMake module files
[3.497s] Level 1:colcon.colcon_core.environment:checking '/home/dark/ros2_ws/src2/Project_PathBlazers/src/install/bots' for CMake config files
[3.498s] Level 1:colcon.colcon_core.environment:checking '/home/dark/ros2_ws/src2/Project_PathBlazers/src/install/bots/lib'
[3.498s] Level 1:colcon.colcon_core.environment:checking '/home/dark/ros2_ws/src2/Project_PathBlazers/src/install/bots/bin'
[3.499s] Level 1:colcon.colcon_core.environment:checking '/home/dark/ros2_ws/src2/Project_PathBlazers/src/install/bots/lib/pkgconfig/bots.pc'
[3.500s] Level 1:colcon.colcon_core.environment:checking '/home/dark/ros2_ws/src2/Project_PathBlazers/src/install/bots/lib/python3.12/site-packages'
[3.500s] Level 1:colcon.colcon_core.shell:create_environment_hook('bots', 'pythonpath')
[3.500s] INFO:colcon.colcon_core.shell:Creating environment hook '/home/dark/ros2_ws/src2/Project_PathBlazers/src/install/bots/share/bots/hook/pythonpath.ps1'
[3.501s] INFO:colcon.colcon_core.shell:Creating environment descriptor '/home/dark/ros2_ws/src2/Project_PathBlazers/src/install/bots/share/bots/hook/pythonpath.dsv'
[3.501s] INFO:colcon.colcon_core.shell:Creating environment hook '/home/dark/ros2_ws/src2/Project_PathBlazers/src/install/bots/share/bots/hook/pythonpath.sh'
[3.502s] Level 1:colcon.colcon_core.environment:checking '/home/dark/ros2_ws/src2/Project_PathBlazers/src/install/bots/bin'
[3.502s] Level 1:colcon.colcon_core.environment:create_environment_scripts_only(bots)
[3.503s] INFO:colcon.colcon_core.shell:Creating package script '/home/dark/ros2_ws/src2/Project_PathBlazers/src/install/bots/share/bots/package.ps1'
[3.504s] INFO:colcon.colcon_core.shell:Creating package descriptor '/home/dark/ros2_ws/src2/Project_PathBlazers/src/install/bots/share/bots/package.dsv'
[3.506s] INFO:colcon.colcon_core.shell:Creating package script '/home/dark/ros2_ws/src2/Project_PathBlazers/src/install/bots/share/bots/package.sh'
[3.512s] INFO:colcon.colcon_core.shell:Creating package script '/home/dark/ros2_ws/src2/Project_PathBlazers/src/install/bots/share/bots/package.bash'
[3.517s] INFO:colcon.colcon_core.shell:Creating package script '/home/dark/ros2_ws/src2/Project_PathBlazers/src/install/bots/share/bots/package.zsh'
[3.518s] Level 1:colcon.colcon_core.environment:create_file_with_runtime_dependencies(/home/dark/ros2_ws/src2/Project_PathBlazers/src/install/bots/share/colcon-core/packages/bots)
[3.518s] DEBUG:colcon.colcon_parallel_executor.executor.parallel:closing loop
[3.519s] DEBUG:colcon.colcon_parallel_executor.executor.parallel:loop closed
[3.519s] DEBUG:colcon.colcon_parallel_executor.executor.parallel:run_until_complete finished with '0'
[3.519s] DEBUG:colcon.colcon_core.event_reactor:joining thread
[3.531s] INFO:colcon.colcon_core.plugin_system:Skipping extension 'colcon_notification.desktop_notification.terminal_notifier': Not used on non-Darwin systems
[3.531s] INFO:colcon.colcon_core.plugin_system:Skipping extension 'colcon_notification.desktop_notification.win32': Not used on non-Windows systems
[3.531s] INFO:colcon.colcon_notification.desktop_notification:Sending desktop notification using 'notify2'
[3.582s] DEBUG:colcon.colcon_core.event_reactor:joined thread
[3.583s] INFO:colcon.colcon_core.shell:Creating prefix script '/home/dark/ros2_ws/src2/Project_PathBlazers/src/install/local_setup.ps1'
[3.585s] INFO:colcon.colcon_core.shell:Creating prefix util module '/home/dark/ros2_ws/src2/Project_PathBlazers/src/install/_local_setup_util_ps1.py'
[3.586s] INFO:colcon.colcon_core.shell:Creating prefix chain script '/home/dark/ros2_ws/src2/Project_PathBlazers/src/install/setup.ps1'
[3.588s] INFO:colcon.colcon_core.shell:Creating prefix script '/home/dark/ros2_ws/src2/Project_PathBlazers/src/install/local_setup.sh'
[3.588s] INFO:colcon.colcon_core.shell:Creating prefix util module '/home/dark/ros2_ws/src2/Project_PathBlazers/src/install/_local_setup_util_sh.py'
[3.589s] INFO:colcon.colcon_core.shell:Creating prefix chain script '/home/dark/ros2_ws/src2/Project_PathBlazers/src/install/setup.sh'
[3.590s] INFO:colcon.colcon_core.shell:Creating prefix script '/home/dark/ros2_ws/src2/Project_PathBlazers/src/install/local_setup.bash'
[3.591s] INFO:colcon.colcon_core.shell:Creating prefix chain script '/home/dark/ros2_ws/src2/Project_PathBlazers/src/install/setup.bash'
[3.592s] INFO:colcon.colcon_core.shell:Creating prefix script '/home/dark/ros2_ws/src2/Project_PathBlazers/src/install/local_setup.zsh'
[3.593s] INFO:colcon.colcon_core.shell:Creating prefix chain script '/home/dark/ros2_ws/src2/Project_PathBlazers/src/install/setup.zsh'
