[1.606s] Invoking command in '/home/dark/ros2_ws/src2/Project_PathBlazers/src/bots': DEBUGINFOD_URLS=https://debuginfod.ubuntu.com PYTHONPATH=/home/dark/ros2_ws/src2/Project_PathBlazers/src/build/bots/prefix_override:/usr/lib/python3/dist-packages/colcon_core/task/python/colcon_distutils_commands:/home/dark/ros2_ws/src2/Project_PathBlazers/src/install/bots/lib/python3.12/site-packages:${PYTHONPATH} /usr/bin/python3 -W ignore:setup.py install is deprecated -W ignore:easy_install command is deprecated setup.py egg_info --egg-base ../build/bots build --build-base /home/dark/ros2_ws/src2/Project_PathBlazers/src/build/bots/build install --record /home/dark/ros2_ws/src2/Project_PathBlazers/src/build/bots/install.log --single-version-externally-managed install_data
[2.040s] running egg_info
[2.069s] writing ../build/bots/bots.egg-info/PKG-INFO
[2.070s] writing dependency_links to ../build/bots/bots.egg-info/dependency_links.txt
[2.070s] writing entry points to ../build/bots/bots.egg-info/entry_points.txt
[2.071s] writing requirements to ../build/bots/bots.egg-info/requires.txt
[2.072s] writing top-level names to ../build/bots/bots.egg-info/top_level.txt
[2.122s] reading manifest file '../build/bots/bots.egg-info/SOURCES.txt'
[2.125s] writing manifest file '../build/bots/bots.egg-info/SOURCES.txt'
[2.126s] running build
[2.127s] running build_py
[2.128s] running install
[2.140s] running install_lib
[2.193s] running install_data
[2.193s] creating /home/dark/ros2_ws/src2/Project_PathBlazers/src/install/bots/share/bots/urdf
[2.194s] copying urdf/mogi_bot_mecanum.urdf -> /home/dark/ros2_ws/src2/Project_PathBlazers/src/install/bots/share/bots/urdf
[2.194s] copying urdf/mogi_bot_mecanum.gazebo -> /home/dark/ros2_ws/src2/Project_PathBlazers/src/install/bots/share/bots/urdf
[2.194s] copying urdf/materials.xacro -> /home/dark/ros2_ws/src2/Project_PathBlazers/src/install/bots/share/bots/urdf
[2.194s] running install_egg_info
[2.221s] removing '/home/dark/ros2_ws/src2/Project_PathBlazers/src/install/bots/lib/python3.12/site-packages/bots-0.0.0-py3.12.egg-info' (and everything under it)
[2.226s] Copying ../build/bots/bots.egg-info to /home/dark/ros2_ws/src2/Project_PathBlazers/src/install/bots/lib/python3.12/site-packages/bots-0.0.0-py3.12.egg-info
[2.228s] running install_scripts
[2.421s] Installing FakeOdomPublisher script to /home/dark/ros2_ws/src2/Project_PathBlazers/src/install/bots/lib/bots
[2.421s] Installing test_td3 script to /home/dark/ros2_ws/src2/Project_PathBlazers/src/install/bots/lib/bots
[2.421s] Installing train_td3 script to /home/dark/ros2_ws/src2/Project_PathBlazers/src/install/bots/lib/bots
[2.421s] writing list of installed files to '/home/dark/ros2_ws/src2/Project_PathBlazers/src/build/bots/install.log'
[2.467s] Invoked command in '/home/dark/ros2_ws/src2/Project_PathBlazers/src/bots' returned '0': DEBUGINFOD_URLS=https://debuginfod.ubuntu.com PYTHONPATH=/home/dark/ros2_ws/src2/Project_PathBlazers/src/build/bots/prefix_override:/usr/lib/python3/dist-packages/colcon_core/task/python/colcon_distutils_commands:/home/dark/ros2_ws/src2/Project_PathBlazers/src/install/bots/lib/python3.12/site-packages:${PYTHONPATH} /usr/bin/python3 -W ignore:setup.py install is deprecated -W ignore:easy_install command is deprecated setup.py egg_info --egg-base ../build/bots build --build-base /home/dark/ros2_ws/src2/Project_PathBlazers/src/build/bots/build install --record /home/dark/ros2_ws/src2/Project_PathBlazers/src/build/bots/install.log --single-version-externally-managed install_data
