[0.989s] Invoking command in '/home/dark/ros2_ws/src2/Project_PathBlazers/src/navigator': DEBUGINFOD_URLS=https://debuginfod.ubuntu.com PYTHONPATH=/home/dark/ros2_ws/src2/Project_PathBlazers/src/build/navigator/prefix_override:/usr/lib/python3/dist-packages/colcon_core/task/python/colcon_distutils_commands:/home/dark/ros2_ws/src2/Project_PathBlazers/src/install/navigator/lib/python3.12/site-packages:${PYTHONPATH} /usr/bin/python3 -W ignore:setup.py install is deprecated -W ignore:easy_install command is deprecated setup.py egg_info --egg-base ../build/navigator build --build-base /home/dark/ros2_ws/src2/Project_PathBlazers/src/build/navigator/build install --record /home/dark/ros2_ws/src2/Project_PathBlazers/src/build/navigator/install.log --single-version-externally-managed install_data
[1.333s] running egg_info
[1.363s] writing ../build/navigator/navigator.egg-info/PKG-INFO
[1.364s] writing dependency_links to ../build/navigator/navigator.egg-info/dependency_links.txt
[1.365s] writing entry points to ../build/navigator/navigator.egg-info/entry_points.txt
[1.365s] writing requirements to ../build/navigator/navigator.egg-info/requires.txt
[1.365s] writing top-level names to ../build/navigator/navigator.egg-info/top_level.txt
[1.426s] reading manifest file '../build/navigator/navigator.egg-info/SOURCES.txt'
[1.427s] writing manifest file '../build/navigator/navigator.egg-info/SOURCES.txt'
[1.427s] running build
[1.428s] running build_py
[1.429s] running install
[1.438s] running install_lib
[1.465s] running install_data
[1.466s] running install_egg_info
[1.493s] removing '/home/dark/ros2_ws/src2/Project_PathBlazers/src/install/navigator/lib/python3.12/site-packages/navigator-0.0.0-py3.12.egg-info' (and everything under it)
[1.493s] Copying ../build/navigator/navigator.egg-info to /home/dark/ros2_ws/src2/Project_PathBlazers/src/install/navigator/lib/python3.12/site-packages/navigator-0.0.0-py3.12.egg-info
[1.494s] running install_scripts
[1.681s] Installing front script to /home/dark/ros2_ws/src2/Project_PathBlazers/src/install/navigator/lib/navigator
[1.681s] Installing inv_kin script to /home/dark/ros2_ws/src2/Project_PathBlazers/src/install/navigator/lib/navigator
[1.681s] Installing joy script to /home/dark/ros2_ws/src2/Project_PathBlazers/src/install/navigator/lib/navigator
[1.682s] Installing rear script to /home/dark/ros2_ws/src2/Project_PathBlazers/src/install/navigator/lib/navigator
[1.683s] Installing viz script to /home/dark/ros2_ws/src2/Project_PathBlazers/src/install/navigator/lib/navigator
[1.683s] writing list of installed files to '/home/dark/ros2_ws/src2/Project_PathBlazers/src/build/navigator/install.log'
[1.716s] Invoked command in '/home/dark/ros2_ws/src2/Project_PathBlazers/src/navigator' returned '0': DEBUGINFOD_URLS=https://debuginfod.ubuntu.com PYTHONPATH=/home/dark/ros2_ws/src2/Project_PathBlazers/src/build/navigator/prefix_override:/usr/lib/python3/dist-packages/colcon_core/task/python/colcon_distutils_commands:/home/dark/ros2_ws/src2/Project_PathBlazers/src/install/navigator/lib/python3.12/site-packages:${PYTHONPATH} /usr/bin/python3 -W ignore:setup.py install is deprecated -W ignore:easy_install command is deprecated setup.py egg_info --egg-base ../build/navigator build --build-base /home/dark/ros2_ws/src2/Project_PathBlazers/src/build/navigator/build install --record /home/dark/ros2_ws/src2/Project_PathBlazers/src/build/navigator/install.log --single-version-externally-managed install_data
