running egg_info
writing ../build/bots/bots.egg-info/PKG-INFO
writing dependency_links to ../build/bots/bots.egg-info/dependency_links.txt
writing entry points to ../build/bots/bots.egg-info/entry_points.txt
writing requirements to ../build/bots/bots.egg-info/requires.txt
writing top-level names to ../build/bots/bots.egg-info/top_level.txt
reading manifest file '../build/bots/bots.egg-info/SOURCES.txt'
writing manifest file '../build/bots/bots.egg-info/SOURCES.txt'
running build
running build_py
copying bots/td3_rl/gazebo_env.py -> /home/dark/ros2_ws/src2/Project_PathBlazers/src/build/bots/build/lib/bots/td3_rl
copying bots/td3_rl/train_td3.py -> /home/dark/ros2_ws/src2/Project_PathBlazers/src/build/bots/build/lib/bots/td3_rl
running install
running install_lib
copying /home/dark/ros2_ws/src2/Project_PathBlazers/src/build/bots/build/lib/bots/td3_rl/gazebo_env.py -> /home/dark/ros2_ws/src2/Project_PathBlazers/src/install/bots/lib/python3.12/site-packages/bots/td3_rl
copying /home/dark/ros2_ws/src2/Project_PathBlazers/src/build/bots/build/lib/bots/td3_rl/train_td3.py -> /home/dark/ros2_ws/src2/Project_PathBlazers/src/install/bots/lib/python3.12/site-packages/bots/td3_rl
byte-compiling /home/dark/ros2_ws/src2/Project_PathBlazers/src/install/bots/lib/python3.12/site-packages/bots/td3_rl/gazebo_env.py to gazebo_env.cpython-312.pyc
byte-compiling /home/dark/ros2_ws/src2/Project_PathBlazers/src/install/bots/lib/python3.12/site-packages/bots/td3_rl/train_td3.py to train_td3.cpython-312.pyc
running install_data
running install_egg_info
removing '/home/dark/ros2_ws/src2/Project_PathBlazers/src/install/bots/lib/python3.12/site-packages/bots-0.0.0-py3.12.egg-info' (and everything under it)
Copying ../build/bots/bots.egg-info to /home/dark/ros2_ws/src2/Project_PathBlazers/src/install/bots/lib/python3.12/site-packages/bots-0.0.0-py3.12.egg-info
running install_scripts
Installing FakeOdomPublisher script to /home/dark/ros2_ws/src2/Project_PathBlazers/src/install/bots/lib/bots
Installing test_td3 script to /home/dark/ros2_ws/src2/Project_PathBlazers/src/install/bots/lib/bots
Installing train_td3 script to /home/dark/ros2_ws/src2/Project_PathBlazers/src/install/bots/lib/bots
writing list of installed files to '/home/dark/ros2_ws/src2/Project_PathBlazers/src/build/bots/install.log'
