running egg_info
writing ../build/bots/bots.egg-info/PKG-INFO
writing dependency_links to ../build/bots/bots.egg-info/dependency_links.txt
writing entry points to ../build/bots/bots.egg-info/entry_points.txt
writing requirements to ../build/bots/bots.egg-info/requires.txt
writing top-level names to ../build/bots/bots.egg-info/top_level.txt
reading manifest file '../build/bots/bots.egg-info/SOURCES.txt'
writing manifest file '../build/bots/bots.egg-info/SOURCES.txt'
running build
running build_py
running install
running install_lib
running install_data
copying world/world.sdf -> /home/dark/ros2_ws/src2/Project_PathBlazers/src/install/bots/share/bots/world
running install_egg_info
removing '/home/dark/ros2_ws/src2/Project_PathBlazers/src/install/bots/lib/python3.12/site-packages/bots-0.0.0-py3.12.egg-info' (and everything under it)
Copying ../build/bots/bots.egg-info to /home/dark/ros2_ws/src2/Project_PathBlazers/src/install/bots/lib/python3.12/site-packages/bots-0.0.0-py3.12.egg-info
running install_scripts
Installing FakeOdomPublisher script to /home/dark/ros2_ws/src2/Project_PathBlazers/src/install/bots/lib/bots
Installing test_td3 script to /home/dark/ros2_ws/src2/Project_PathBlazers/src/install/bots/lib/bots
Installing train_td3 script to /home/dark/ros2_ws/src2/Project_PathBlazers/src/install/bots/lib/bots
writing list of installed files to '/home/dark/ros2_ws/src2/Project_PathBlazers/src/build/bots/install.log'
