running egg_info
creating ../../build/bots/bots.egg-info
writing ../../build/bots/bots.egg-info/PKG-INFO
writing dependency_links to ../../build/bots/bots.egg-info/dependency_links.txt
writing entry points to ../../build/bots/bots.egg-info/entry_points.txt
writing requirements to ../../build/bots/bots.egg-info/requires.txt
writing top-level names to ../../build/bots/bots.egg-info/top_level.txt
writing manifest file '../../build/bots/bots.egg-info/SOURCES.txt'
reading manifest file '../../build/bots/bots.egg-info/SOURCES.txt'
writing manifest file '../../build/bots/bots.egg-info/SOURCES.txt'
running build
running build_py
creating /home/dark/ros2_ws/src2/Project_PathBlazers/build/bots/build
creating /home/dark/ros2_ws/src2/Project_PathBlazers/build/bots/build/lib
creating /home/dark/ros2_ws/src2/Project_PathBlazers/build/bots/build/lib/bots
copying bots/__init__.py -> /home/dark/ros2_ws/src2/Project_PathBlazers/build/bots/build/lib/bots
creating /home/dark/ros2_ws/src2/Project_PathBlazers/build/bots/build/lib/bots/td3_rl
copying bots/td3_rl/analyze_training.py -> /home/dark/ros2_ws/src2/Project_PathBlazers/build/bots/build/lib/bots/td3_rl
copying bots/td3_rl/gazebo_env.py -> /home/dark/ros2_ws/src2/Project_PathBlazers/build/bots/build/lib/bots/td3_rl
copying bots/td3_rl/FakeOdomPublisher.py -> /home/dark/ros2_ws/src2/Project_PathBlazers/build/bots/build/lib/bots/td3_rl
copying bots/td3_rl/test_td3.py -> /home/dark/ros2_ws/src2/Project_PathBlazers/build/bots/build/lib/bots/td3_rl
copying bots/td3_rl/check_gz_interfaces.py -> /home/dark/ros2_ws/src2/Project_PathBlazers/build/bots/build/lib/bots/td3_rl
copying bots/td3_rl/train_td3.py -> /home/dark/ros2_ws/src2/Project_PathBlazers/build/bots/build/lib/bots/td3_rl
copying bots/td3_rl/replay_buffer.py -> /home/dark/ros2_ws/src2/Project_PathBlazers/build/bots/build/lib/bots/td3_rl
copying bots/td3_rl/__init__.py -> /home/dark/ros2_ws/src2/Project_PathBlazers/build/bots/build/lib/bots/td3_rl
copying bots/td3_rl/check_imports.py -> /home/dark/ros2_ws/src2/Project_PathBlazers/build/bots/build/lib/bots/td3_rl
running install
running install_lib
creating /home/dark/ros2_ws/src2/Project_PathBlazers/install/bots/lib/python3.12/site-packages/bots
copying /home/dark/ros2_ws/src2/Project_PathBlazers/build/bots/build/lib/bots/__init__.py -> /home/dark/ros2_ws/src2/Project_PathBlazers/install/bots/lib/python3.12/site-packages/bots
creating /home/dark/ros2_ws/src2/Project_PathBlazers/install/bots/lib/python3.12/site-packages/bots/td3_rl
copying /home/dark/ros2_ws/src2/Project_PathBlazers/build/bots/build/lib/bots/td3_rl/analyze_training.py -> /home/dark/ros2_ws/src2/Project_PathBlazers/install/bots/lib/python3.12/site-packages/bots/td3_rl
copying /home/dark/ros2_ws/src2/Project_PathBlazers/build/bots/build/lib/bots/td3_rl/gazebo_env.py -> /home/dark/ros2_ws/src2/Project_PathBlazers/install/bots/lib/python3.12/site-packages/bots/td3_rl
copying /home/dark/ros2_ws/src2/Project_PathBlazers/build/bots/build/lib/bots/td3_rl/FakeOdomPublisher.py -> /home/dark/ros2_ws/src2/Project_PathBlazers/install/bots/lib/python3.12/site-packages/bots/td3_rl
copying /home/dark/ros2_ws/src2/Project_PathBlazers/build/bots/build/lib/bots/td3_rl/test_td3.py -> /home/dark/ros2_ws/src2/Project_PathBlazers/install/bots/lib/python3.12/site-packages/bots/td3_rl
copying /home/dark/ros2_ws/src2/Project_PathBlazers/build/bots/build/lib/bots/td3_rl/check_gz_interfaces.py -> /home/dark/ros2_ws/src2/Project_PathBlazers/install/bots/lib/python3.12/site-packages/bots/td3_rl
copying /home/dark/ros2_ws/src2/Project_PathBlazers/build/bots/build/lib/bots/td3_rl/train_td3.py -> /home/dark/ros2_ws/src2/Project_PathBlazers/install/bots/lib/python3.12/site-packages/bots/td3_rl
copying /home/dark/ros2_ws/src2/Project_PathBlazers/build/bots/build/lib/bots/td3_rl/replay_buffer.py -> /home/dark/ros2_ws/src2/Project_PathBlazers/install/bots/lib/python3.12/site-packages/bots/td3_rl
copying /home/dark/ros2_ws/src2/Project_PathBlazers/build/bots/build/lib/bots/td3_rl/__init__.py -> /home/dark/ros2_ws/src2/Project_PathBlazers/install/bots/lib/python3.12/site-packages/bots/td3_rl
copying /home/dark/ros2_ws/src2/Project_PathBlazers/build/bots/build/lib/bots/td3_rl/check_imports.py -> /home/dark/ros2_ws/src2/Project_PathBlazers/install/bots/lib/python3.12/site-packages/bots/td3_rl
byte-compiling /home/dark/ros2_ws/src2/Project_PathBlazers/install/bots/lib/python3.12/site-packages/bots/__init__.py to __init__.cpython-312.pyc
byte-compiling /home/dark/ros2_ws/src2/Project_PathBlazers/install/bots/lib/python3.12/site-packages/bots/td3_rl/analyze_training.py to analyze_training.cpython-312.pyc
byte-compiling /home/dark/ros2_ws/src2/Project_PathBlazers/install/bots/lib/python3.12/site-packages/bots/td3_rl/gazebo_env.py to gazebo_env.cpython-312.pyc
byte-compiling /home/dark/ros2_ws/src2/Project_PathBlazers/install/bots/lib/python3.12/site-packages/bots/td3_rl/FakeOdomPublisher.py to FakeOdomPublisher.cpython-312.pyc
byte-compiling /home/dark/ros2_ws/src2/Project_PathBlazers/install/bots/lib/python3.12/site-packages/bots/td3_rl/test_td3.py to test_td3.cpython-312.pyc
byte-compiling /home/dark/ros2_ws/src2/Project_PathBlazers/install/bots/lib/python3.12/site-packages/bots/td3_rl/check_gz_interfaces.py to check_gz_interfaces.cpython-312.pyc
byte-compiling /home/dark/ros2_ws/src2/Project_PathBlazers/install/bots/lib/python3.12/site-packages/bots/td3_rl/train_td3.py to train_td3.cpython-312.pyc
byte-compiling /home/dark/ros2_ws/src2/Project_PathBlazers/install/bots/lib/python3.12/site-packages/bots/td3_rl/replay_buffer.py to replay_buffer.cpython-312.pyc
byte-compiling /home/dark/ros2_ws/src2/Project_PathBlazers/install/bots/lib/python3.12/site-packages/bots/td3_rl/__init__.py to __init__.cpython-312.pyc
byte-compiling /home/dark/ros2_ws/src2/Project_PathBlazers/install/bots/lib/python3.12/site-packages/bots/td3_rl/check_imports.py to check_imports.cpython-312.pyc
running install_data
creating /home/dark/ros2_ws/src2/Project_PathBlazers/install/bots/share/ament_index
creating /home/dark/ros2_ws/src2/Project_PathBlazers/install/bots/share/ament_index/resource_index
creating /home/dark/ros2_ws/src2/Project_PathBlazers/install/bots/share/ament_index/resource_index/packages
copying resource/bots -> /home/dark/ros2_ws/src2/Project_PathBlazers/install/bots/share/ament_index/resource_index/packages
copying package.xml -> /home/dark/ros2_ws/src2/Project_PathBlazers/install/bots/share/bots
creating /home/dark/ros2_ws/src2/Project_PathBlazers/install/bots/share/bots/launch
copying launch/check_urdf.launch.py -> /home/dark/ros2_ws/src2/Project_PathBlazers/install/bots/share/bots/launch
copying launch/train_td3.launch.py -> /home/dark/ros2_ws/src2/Project_PathBlazers/install/bots/share/bots/launch
copying launch/spawn_robot.launch.py -> /home/dark/ros2_ws/src2/Project_PathBlazers/install/bots/share/bots/launch
copying launch/my_launch_file.py -> /home/dark/ros2_ws/src2/Project_PathBlazers/install/bots/share/bots/launch
creating /home/dark/ros2_ws/src2/Project_PathBlazers/install/bots/share/bots/config
copying config/ekf.yaml -> /home/dark/ros2_ws/src2/Project_PathBlazers/install/bots/share/bots/config
copying config/td3_config.yaml -> /home/dark/ros2_ws/src2/Project_PathBlazers/install/bots/share/bots/config
creating /home/dark/ros2_ws/src2/Project_PathBlazers/install/bots/share/bots/meshes
copying meshes/lidar.dae -> /home/dark/ros2_ws/src2/Project_PathBlazers/install/bots/share/bots/meshes
copying meshes/mecanum_wheel_left.STL -> /home/dark/ros2_ws/src2/Project_PathBlazers/install/bots/share/bots/meshes
copying meshes/mogi_bot.STL -> /home/dark/ros2_ws/src2/Project_PathBlazers/install/bots/share/bots/meshes
copying meshes/wheel.dae -> /home/dark/ros2_ws/src2/Project_PathBlazers/install/bots/share/bots/meshes
copying meshes/mogi_bot.blend -> /home/dark/ros2_ws/src2/Project_PathBlazers/install/bots/share/bots/meshes
copying meshes/wheel.blend -> /home/dark/ros2_ws/src2/Project_PathBlazers/install/bots/share/bots/meshes
copying meshes/mogi_bot.SLDPRT -> /home/dark/ros2_ws/src2/Project_PathBlazers/install/bots/share/bots/meshes
copying meshes/mogi_bot.STEP -> /home/dark/ros2_ws/src2/Project_PathBlazers/install/bots/share/bots/meshes
copying meshes/wheel.SLDPRT -> /home/dark/ros2_ws/src2/Project_PathBlazers/install/bots/share/bots/meshes
copying meshes/wheel.STL -> /home/dark/ros2_ws/src2/Project_PathBlazers/install/bots/share/bots/meshes
copying meshes/mogi_bot.dae -> /home/dark/ros2_ws/src2/Project_PathBlazers/install/bots/share/bots/meshes
copying meshes/wheel.STEP -> /home/dark/ros2_ws/src2/Project_PathBlazers/install/bots/share/bots/meshes
copying meshes/mecanum_wheel_right.STL -> /home/dark/ros2_ws/src2/Project_PathBlazers/install/bots/share/bots/meshes
creating /home/dark/ros2_ws/src2/Project_PathBlazers/install/bots/share/bots/rviz
copying rviz/rviz.rviz -> /home/dark/ros2_ws/src2/Project_PathBlazers/install/bots/share/bots/rviz
copying rviz/gps.rviz -> /home/dark/ros2_ws/src2/Project_PathBlazers/install/bots/share/bots/rviz
copying rviz/urdf.rviz -> /home/dark/ros2_ws/src2/Project_PathBlazers/install/bots/share/bots/rviz
creating /home/dark/ros2_ws/src2/Project_PathBlazers/install/bots/share/bots/world
copying world/world.sdf -> /home/dark/ros2_ws/src2/Project_PathBlazers/install/bots/share/bots/world
copying world/world (Dynamic).sdf -> /home/dark/ros2_ws/src2/Project_PathBlazers/install/bots/share/bots/world
copying world/world (Static 1).sdf -> /home/dark/ros2_ws/src2/Project_PathBlazers/install/bots/share/bots/world
copying world/actors.txt -> /home/dark/ros2_ws/src2/Project_PathBlazers/install/bots/share/bots/world
running install_egg_info
Copying ../../build/bots/bots.egg-info to /home/dark/ros2_ws/src2/Project_PathBlazers/install/bots/lib/python3.12/site-packages/bots-0.0.0-py3.12.egg-info
running install_scripts
Installing FakeOdomPublisher script to /home/dark/ros2_ws/src2/Project_PathBlazers/install/bots/lib/bots
Installing test_td3 script to /home/dark/ros2_ws/src2/Project_PathBlazers/install/bots/lib/bots
Installing train_td3 script to /home/dark/ros2_ws/src2/Project_PathBlazers/install/bots/lib/bots
writing list of installed files to '/home/dark/ros2_ws/src2/Project_PathBlazers/build/bots/install.log'
