[0.708s] Invoking command in '/home/dark/ros2_ws/src2/Project_PathBlazers/src/bots': DEBUGINFOD_URLS=https://debuginfod.ubuntu.com PYTHONPATH=/home/dark/ros2_ws/src2/Project_PathBlazers/build/bots/prefix_override:/usr/lib/python3/dist-packages/colcon_core/task/python/colcon_distutils_commands:/home/dark/ros2_ws/src2/Project_PathBlazers/install/bots/lib/python3.12/site-packages:${PYTHONPATH} /usr/bin/python3 -W ignore:setup.py install is deprecated -W ignore:easy_install command is deprecated setup.py egg_info --egg-base ../../build/bots build --build-base /home/dark/ros2_ws/src2/Project_PathBlazers/build/bots/build install --record /home/dark/ros2_ws/src2/Project_PathBlazers/build/bots/install.log --single-version-externally-managed install_data
[0.918s] running egg_info
[0.934s] writing ../../build/bots/bots.egg-info/PKG-INFO
[0.934s] writing dependency_links to ../../build/bots/bots.egg-info/dependency_links.txt
[0.935s] writing entry points to ../../build/bots/bots.egg-info/entry_points.txt
[0.935s] writing requirements to ../../build/bots/bots.egg-info/requires.txt
[0.935s] writing top-level names to ../../build/bots/bots.egg-info/top_level.txt
[0.963s] reading manifest file '../../build/bots/bots.egg-info/SOURCES.txt'
[0.964s] writing manifest file '../../build/bots/bots.egg-info/SOURCES.txt'
[0.964s] running build
[0.964s] running build_py
[0.965s] running install
[0.969s] running install_lib
[0.984s] running install_data
[0.985s] creating /home/dark/ros2_ws/src2/Project_PathBlazers/install/bots/share/bots/world/models
[0.985s] creating /home/dark/ros2_ws/src2/Project_PathBlazers/install/bots/share/bots/world/models/cardboard_box
[0.985s] copying world/models/cardboard_box/model.sdf -> /home/dark/ros2_ws/src2/Project_PathBlazers/install/bots/share/bots/world/models/cardboard_box
[0.985s] copying world/models/cardboard_box/model.config -> /home/dark/ros2_ws/src2/Project_PathBlazers/install/bots/share/bots/world/models/cardboard_box
[0.985s] creating /home/dark/ros2_ws/src2/Project_PathBlazers/install/bots/share/bots/world/models/cardboard_box/meshes
[0.985s] copying world/models/cardboard_box/meshes/cardboard_box.dae -> /home/dark/ros2_ws/src2/Project_PathBlazers/install/bots/share/bots/world/models/cardboard_box/meshes
[0.985s] running install_egg_info
[1.000s] removing '/home/dark/ros2_ws/src2/Project_PathBlazers/install/bots/lib/python3.12/site-packages/bots-0.0.0-py3.12.egg-info' (and everything under it)
[1.000s] Copying ../../build/bots/bots.egg-info to /home/dark/ros2_ws/src2/Project_PathBlazers/install/bots/lib/python3.12/site-packages/bots-0.0.0-py3.12.egg-info
[1.000s] running install_scripts
[1.098s] Installing FakeOdomPublisher script to /home/dark/ros2_ws/src2/Project_PathBlazers/install/bots/lib/bots
[1.099s] Installing test_td3 script to /home/dark/ros2_ws/src2/Project_PathBlazers/install/bots/lib/bots
[1.099s] Installing train_td3 script to /home/dark/ros2_ws/src2/Project_PathBlazers/install/bots/lib/bots
[1.099s] writing list of installed files to '/home/dark/ros2_ws/src2/Project_PathBlazers/build/bots/install.log'
[1.126s] Invoked command in '/home/dark/ros2_ws/src2/Project_PathBlazers/src/bots' returned '0': DEBUGINFOD_URLS=https://debuginfod.ubuntu.com PYTHONPATH=/home/dark/ros2_ws/src2/Project_PathBlazers/build/bots/prefix_override:/usr/lib/python3/dist-packages/colcon_core/task/python/colcon_distutils_commands:/home/dark/ros2_ws/src2/Project_PathBlazers/install/bots/lib/python3.12/site-packages:${PYTHONPATH} /usr/bin/python3 -W ignore:setup.py install is deprecated -W ignore:easy_install command is deprecated setup.py egg_info --egg-base ../../build/bots build --build-base /home/dark/ros2_ws/src2/Project_PathBlazers/build/bots/build install --record /home/dark/ros2_ws/src2/Project_PathBlazers/build/bots/install.log --single-version-externally-managed install_data
