/home/dark/ros2_ws/src2/Project_PathBlazers/install/bots/lib/python3.12/site-packages/bots/__init__.py
/home/dark/ros2_ws/src2/Project_PathBlazers/install/bots/lib/python3.12/site-packages/bots/td3_rl/analyze_training.py
/home/dark/ros2_ws/src2/Project_PathBlazers/install/bots/lib/python3.12/site-packages/bots/td3_rl/gazebo_env.py
/home/dark/ros2_ws/src2/Project_PathBlazers/install/bots/lib/python3.12/site-packages/bots/td3_rl/FakeOdomPublisher.py
/home/dark/ros2_ws/src2/Project_PathBlazers/install/bots/lib/python3.12/site-packages/bots/td3_rl/test_td3.py
/home/dark/ros2_ws/src2/Project_PathBlazers/install/bots/lib/python3.12/site-packages/bots/td3_rl/check_gz_interfaces.py
/home/dark/ros2_ws/src2/Project_PathBlazers/install/bots/lib/python3.12/site-packages/bots/td3_rl/train_td3.py
/home/dark/ros2_ws/src2/Project_PathBlazers/install/bots/lib/python3.12/site-packages/bots/td3_rl/replay_buffer.py
/home/dark/ros2_ws/src2/Project_PathBlazers/install/bots/lib/python3.12/site-packages/bots/td3_rl/__init__.py
/home/dark/ros2_ws/src2/Project_PathBlazers/install/bots/lib/python3.12/site-packages/bots/td3_rl/check_imports.py
/home/dark/ros2_ws/src2/Project_PathBlazers/install/bots/lib/python3.12/site-packages/bots/__pycache__/__init__.cpython-312.pyc
/home/dark/ros2_ws/src2/Project_PathBlazers/install/bots/lib/python3.12/site-packages/bots/td3_rl/__pycache__/analyze_training.cpython-312.pyc
/home/dark/ros2_ws/src2/Project_PathBlazers/install/bots/lib/python3.12/site-packages/bots/td3_rl/__pycache__/gazebo_env.cpython-312.pyc
/home/dark/ros2_ws/src2/Project_PathBlazers/install/bots/lib/python3.12/site-packages/bots/td3_rl/__pycache__/FakeOdomPublisher.cpython-312.pyc
/home/dark/ros2_ws/src2/Project_PathBlazers/install/bots/lib/python3.12/site-packages/bots/td3_rl/__pycache__/test_td3.cpython-312.pyc
/home/dark/ros2_ws/src2/Project_PathBlazers/install/bots/lib/python3.12/site-packages/bots/td3_rl/__pycache__/check_gz_interfaces.cpython-312.pyc
/home/dark/ros2_ws/src2/Project_PathBlazers/install/bots/lib/python3.12/site-packages/bots/td3_rl/__pycache__/train_td3.cpython-312.pyc
/home/dark/ros2_ws/src2/Project_PathBlazers/install/bots/lib/python3.12/site-packages/bots/td3_rl/__pycache__/replay_buffer.cpython-312.pyc
/home/dark/ros2_ws/src2/Project_PathBlazers/install/bots/lib/python3.12/site-packages/bots/td3_rl/__pycache__/__init__.cpython-312.pyc
/home/dark/ros2_ws/src2/Project_PathBlazers/install/bots/lib/python3.12/site-packages/bots/td3_rl/__pycache__/check_imports.cpython-312.pyc
/home/dark/ros2_ws/src2/Project_PathBlazers/install/bots/share/ament_index/resource_index/packages/bots
/home/dark/ros2_ws/src2/Project_PathBlazers/install/bots/share/bots/package.xml
/home/dark/ros2_ws/src2/Project_PathBlazers/install/bots/share/bots/launch/check_urdf.launch.py
/home/dark/ros2_ws/src2/Project_PathBlazers/install/bots/share/bots/launch/train_td3.launch.py
/home/dark/ros2_ws/src2/Project_PathBlazers/install/bots/share/bots/launch/spawn_robot.launch.py
/home/dark/ros2_ws/src2/Project_PathBlazers/install/bots/share/bots/launch/my_launch_file.py
/home/dark/ros2_ws/src2/Project_PathBlazers/install/bots/share/bots/config/ekf.yaml
/home/dark/ros2_ws/src2/Project_PathBlazers/install/bots/share/bots/config/td3_config.yaml
/home/dark/ros2_ws/src2/Project_PathBlazers/install/bots/share/bots/meshes/lidar.dae
/home/dark/ros2_ws/src2/Project_PathBlazers/install/bots/share/bots/meshes/mecanum_wheel_left.STL
/home/dark/ros2_ws/src2/Project_PathBlazers/install/bots/share/bots/meshes/mogi_bot.STL
/home/dark/ros2_ws/src2/Project_PathBlazers/install/bots/share/bots/meshes/wheel.dae
/home/dark/ros2_ws/src2/Project_PathBlazers/install/bots/share/bots/meshes/mogi_bot.blend
/home/dark/ros2_ws/src2/Project_PathBlazers/install/bots/share/bots/meshes/wheel.blend
/home/dark/ros2_ws/src2/Project_PathBlazers/install/bots/share/bots/meshes/mogi_bot.SLDPRT
/home/dark/ros2_ws/src2/Project_PathBlazers/install/bots/share/bots/meshes/mogi_bot.STEP
/home/dark/ros2_ws/src2/Project_PathBlazers/install/bots/share/bots/meshes/wheel.SLDPRT
/home/dark/ros2_ws/src2/Project_PathBlazers/install/bots/share/bots/meshes/wheel.STL
/home/dark/ros2_ws/src2/Project_PathBlazers/install/bots/share/bots/meshes/mogi_bot.dae
/home/dark/ros2_ws/src2/Project_PathBlazers/install/bots/share/bots/meshes/wheel.STEP
/home/dark/ros2_ws/src2/Project_PathBlazers/install/bots/share/bots/meshes/mecanum_wheel_right.STL
/home/dark/ros2_ws/src2/Project_PathBlazers/install/bots/share/bots/rviz/rviz.rviz
/home/dark/ros2_ws/src2/Project_PathBlazers/install/bots/share/bots/rviz/gps.rviz
/home/dark/ros2_ws/src2/Project_PathBlazers/install/bots/share/bots/rviz/urdf.rviz
/home/dark/ros2_ws/src2/Project_PathBlazers/install/bots/share/bots/world/world.sdf
/home/dark/ros2_ws/src2/Project_PathBlazers/install/bots/share/bots/world/world (Dynamic).sdf
/home/dark/ros2_ws/src2/Project_PathBlazers/install/bots/share/bots/world/world (Static 1).sdf
/home/dark/ros2_ws/src2/Project_PathBlazers/install/bots/share/bots/world/actors.txt
/home/dark/ros2_ws/src2/Project_PathBlazers/install/bots/share/bots/world/models/cardboard_box/model.sdf
/home/dark/ros2_ws/src2/Project_PathBlazers/install/bots/share/bots/world/models/cardboard_box/model.config
/home/dark/ros2_ws/src2/Project_PathBlazers/install/bots/share/bots/world/models/cardboard_box/meshes/cardboard_box.dae
/home/dark/ros2_ws/src2/Project_PathBlazers/install/bots/lib/python3.12/site-packages/bots-0.0.0-py3.12.egg-info/SOURCES.txt
/home/dark/ros2_ws/src2/Project_PathBlazers/install/bots/lib/python3.12/site-packages/bots-0.0.0-py3.12.egg-info/zip-safe
/home/dark/ros2_ws/src2/Project_PathBlazers/install/bots/lib/python3.12/site-packages/bots-0.0.0-py3.12.egg-info/PKG-INFO
/home/dark/ros2_ws/src2/Project_PathBlazers/install/bots/lib/python3.12/site-packages/bots-0.0.0-py3.12.egg-info/dependency_links.txt
/home/dark/ros2_ws/src2/Project_PathBlazers/install/bots/lib/python3.12/site-packages/bots-0.0.0-py3.12.egg-info/entry_points.txt
/home/dark/ros2_ws/src2/Project_PathBlazers/install/bots/lib/python3.12/site-packages/bots-0.0.0-py3.12.egg-info/requires.txt
/home/dark/ros2_ws/src2/Project_PathBlazers/install/bots/lib/python3.12/site-packages/bots-0.0.0-py3.12.egg-info/top_level.txt
/home/dark/ros2_ws/src2/Project_PathBlazers/install/bots/lib/bots/FakeOdomPublisher
/home/dark/ros2_ws/src2/Project_PathBlazers/install/bots/lib/bots/test_td3
/home/dark/ros2_ws/src2/Project_PathBlazers/install/bots/lib/bots/train_td3
