nohup: ignoring input
[INFO] [launch]: All log files can be found below /home/dark/.ros/log/2026-01-09-00-09-44-693726-dark-Inspiron-52669
[INFO] [launch]: Default logging verbosity is set to INFO
[INFO] [gazebo-1]: process started with pid [52692]
[INFO] [create-2]: process started with pid [52693]
[INFO] [parameter_bridge-3]: process started with pid [52695]
[INFO] [image_bridge-4]: process started with pid [52696]
[INFO] [relay-5]: process started with pid [52698]
[INFO] [robot_state_publisher-6]: process started with pid [52699]
[INFO] [static_transform_publisher-7]: process started with pid [52700]
[INFO] [static_transform_publisher-8]: process started with pid [52701]
[INFO] [ekf_node-9]: process started with pid [52702]
[robot_state_publisher-6] [WARN] [1767897585.920228945] [rcl]: ROS_LOCALHOST_ONLY is deprecated but still honored if it is enabled. Use ROS_AUTOMATIC_DISCOVERY_RANGE and ROS_STATIC_PEERS instead.
[robot_state_publisher-6] [WARN] [1767897585.920278164] [rcl]: 'localhost_only' is enabled, 'automatic_discovery_range' and 'static_peers' will be ignored.
[relay-5] [WARN] [1767897585.921028427] [rcl]: ROS_LOCALHOST_ONLY is deprecated but still honored if it is enabled. Use ROS_AUTOMATIC_DISCOVERY_RANGE and ROS_STATIC_PEERS instead.
[relay-5] [WARN] [1767897585.921106616] [rcl]: 'localhost_only' is enabled, 'automatic_discovery_range' and 'static_peers' will be ignored.
[static_transform_publisher-7] [WARN] [1767897585.938715749] [rcl]: ROS_LOCALHOST_ONLY is deprecated but still honored if it is enabled. Use ROS_AUTOMATIC_DISCOVERY_RANGE and ROS_STATIC_PEERS instead.
[static_transform_publisher-7] [WARN] [1767897585.938801740] [rcl]: 'localhost_only' is enabled, 'automatic_discovery_range' and 'static_peers' will be ignored.
[static_transform_publisher-7] [WARN] [1767897585.942026287] []: Old-style arguments are deprecated; see --help for new-style arguments
[static_transform_publisher-8] [WARN] [1767897585.943153188] [rcl]: ROS_LOCALHOST_ONLY is deprecated but still honored if it is enabled. Use ROS_AUTOMATIC_DISCOVERY_RANGE and ROS_STATIC_PEERS instead.
[static_transform_publisher-8] [WARN] [1767897585.943208045] [rcl]: 'localhost_only' is enabled, 'automatic_discovery_range' and 'static_peers' will be ignored.
[static_transform_publisher-8] [WARN] [1767897585.944568542] []: Old-style arguments are deprecated; see --help for new-style arguments
[ekf_node-9] [WARN] [1767897585.959261720] [rcl]: ROS_LOCALHOST_ONLY is deprecated but still honored if it is enabled. Use ROS_AUTOMATIC_DISCOVERY_RANGE and ROS_STATIC_PEERS instead.
[ekf_node-9] [WARN] [1767897585.959342141] [rcl]: 'localhost_only' is enabled, 'automatic_discovery_range' and 'static_peers' will be ignored.
[create-2] [WARN] [1767897585.959359667] [rcl]: ROS_LOCALHOST_ONLY is deprecated but still honored if it is enabled. Use ROS_AUTOMATIC_DISCOVERY_RANGE and ROS_STATIC_PEERS instead.
[create-2] [WARN] [1767897585.959435230] [rcl]: 'localhost_only' is enabled, 'automatic_discovery_range' and 'static_peers' will be ignored.
[image_bridge-4] [WARN] [1767897586.007546389] [rcl]: ROS_LOCALHOST_ONLY is deprecated but still honored if it is enabled. Use ROS_AUTOMATIC_DISCOVERY_RANGE and ROS_STATIC_PEERS instead.
[image_bridge-4] [WARN] [1767897586.007591876] [rcl]: 'localhost_only' is enabled, 'automatic_discovery_range' and 'static_peers' will be ignored.
[parameter_bridge-3] [WARN] [1767897586.031521510] [rcl]: ROS_LOCALHOST_ONLY is deprecated but still honored if it is enabled. Use ROS_AUTOMATIC_DISCOVERY_RANGE and ROS_STATIC_PEERS instead.
[parameter_bridge-3] [WARN] [1767897586.031567504] [rcl]: 'localhost_only' is enabled, 'automatic_discovery_range' and 'static_peers' will be ignored.
[static_transform_publisher-8] [INFO] [1767897586.041613127] [map_to_odom_tf]: Spinning until stopped - publishing transform
[static_transform_publisher-8] translation: ('0.000000', '0.000000', '0.000000')
[static_transform_publisher-8] rotation: ('0.000000', '0.000000', '0.000000', '1.000000')
[static_transform_publisher-8] from 'map' to 'odom'
[create-2] [INFO] [1767897586.043033000] [ros_gz_sim]: Requesting list of world names.
[static_transform_publisher-7] [INFO] [1767897586.047092231] [fix_gpu_lidar_frame]: Spinning until stopped - publishing transform
[static_transform_publisher-7] translation: ('0.000000', '0.000000', '0.000000')
[static_transform_publisher-7] rotation: ('0.000000', '0.000000', '0.000000', '1.000000')
[static_transform_publisher-7] from 'scan_link' to 'my_robot/base_footprint/gpu_lidar'
[robot_state_publisher-6] [INFO] [1767897586.054933339] [robot_state_publisher]: Robot initialized
[parameter_bridge-3] [INFO] [1767897586.119621379] [ros_gz_bridge]: Creating GZ->ROS Bridge: [/clock (gz.msgs.Clock) -> /clock (rosgraph_msgs/msg/Clock)] (Lazy 0)
[parameter_bridge-3] [INFO] [1767897586.120824296] [ros_gz_bridge]: Creating GZ->ROS Bridge: [/cmd_vel (gz.msgs.Twist) -> /cmd_vel (geometry_msgs/msg/Twist)] (Lazy 0)
[parameter_bridge-3] [INFO] [1767897586.124366497] [ros_gz_bridge]: Creating ROS->GZ Bridge: [/cmd_vel (geometry_msgs/msg/Twist) -> /cmd_vel (gz.msgs.Twist)] (Lazy 0)
[parameter_bridge-3] [INFO] [1767897586.125534609] [ros_gz_bridge]: Creating GZ->ROS Bridge: [/odom (gz.msgs.Odometry) -> /odom (nav_msgs/msg/Odometry)] (Lazy 0)
[parameter_bridge-3] [INFO] [1767897586.129724682] [ros_gz_bridge]: Creating ROS->GZ Bridge: [/odom (nav_msgs/msg/Odometry) -> /odom (gz.msgs.Odometry)] (Lazy 0)
[ekf_node-9] [INFO] [1767897586.132492204] [ekf_filter_node]: Detected a initial_estimate_covariance parameter with length 15. Assuming diagonal values specified.
[parameter_bridge-3] [INFO] [1767897586.134909473] [ros_gz_bridge]: Creating GZ->ROS Bridge: [/joint_states (gz.msgs.Model) -> /joint_states (sensor_msgs/msg/JointState)] (Lazy 0)
[parameter_bridge-3] [INFO] [1767897586.141353326] [ros_gz_bridge]: Creating ROS->GZ Bridge: [/joint_states (sensor_msgs/msg/JointState) -> /joint_states (gz.msgs.Model)] (Lazy 0)
[parameter_bridge-3] [INFO] [1767897586.146190817] [ros_gz_bridge]: Creating GZ->ROS Bridge: [/camera/camera_info (gz.msgs.CameraInfo) -> /camera/camera_info (sensor_msgs/msg/CameraInfo)] (Lazy 0)
[parameter_bridge-3] [INFO] [1767897586.148256226] [ros_gz_bridge]: Creating ROS->GZ Bridge: [/camera/camera_info (sensor_msgs/msg/CameraInfo) -> /camera/camera_info (gz.msgs.CameraInfo)] (Lazy 0)
[parameter_bridge-3] [INFO] [1767897586.150995149] [ros_gz_bridge]: Creating GZ->ROS Bridge: [/imu (gz.msgs.IMU) -> /imu (sensor_msgs/msg/Imu)] (Lazy 0)
[parameter_bridge-3] [INFO] [1767897586.155672469] [ros_gz_bridge]: Creating ROS->GZ Bridge: [/imu (sensor_msgs/msg/Imu) -> /imu (gz.msgs.IMU)] (Lazy 0)
[parameter_bridge-3] [INFO] [1767897586.158214725] [ros_gz_bridge]: Creating GZ->ROS Bridge: [/scan (gz.msgs.LaserScan) -> /scan (sensor_msgs/msg/LaserScan)] (Lazy 0)
[parameter_bridge-3] [INFO] [1767897586.160322275] [ros_gz_bridge]: Creating ROS->GZ Bridge: [/scan (sensor_msgs/msg/LaserScan) -> /scan (gz.msgs.LaserScan)] (Lazy 0)
[parameter_bridge-3] [INFO] [1767897586.163563856] [ros_gz_bridge]: Creating GZ->ROS Bridge: [/camera/depth_image (gz.msgs.Image) -> /camera/depth_image (sensor_msgs/msg/Image)] (Lazy 0)
[parameter_bridge-3] [INFO] [1767897586.167652933] [ros_gz_bridge]: Creating ROS->GZ Bridge: [/camera/depth_image (sensor_msgs/msg/Image) -> /camera/depth_image (gz.msgs.Image)] (Lazy 0)
[parameter_bridge-3] [INFO] [1767897586.170312302] [ros_gz_bridge]: Creating GZ->ROS Bridge: [/camera/points (gz.msgs.PointCloudPacked) -> /camera/points (sensor_msgs/msg/PointCloud2)] (Lazy 0)
[parameter_bridge-3] [INFO] [1767897586.174186739] [ros_gz_bridge]: Creating ROS->GZ Bridge: [/camera/points (sensor_msgs/msg/PointCloud2) -> /camera/points (gz.msgs.PointCloudPacked)] (Lazy 0)
[parameter_bridge-3] [INFO] [1767897586.176658997] [ros_gz_bridge]: Creating GZ->ROS Bridge: [/model/my_robot/odometry_with_covariance (gz.msgs.OdometryWithCovariance) -> /model/my_robot/odometry_with_covariance (nav_msgs/msg/Odometry)] (Lazy 0)
[create-2] [INFO] [1767897586.248594763] [ros_gz_sim]: Waiting messages on topic [robot_description].
[create-2] [INFO] [1767897586.261047502] [ros_gz_sim]: Entity creation successful.
[INFO] [create-2]: process has finished cleanly [pid 52693]
[parameter_bridge-3] [INFO] [1767897647.407647228] [ros_gz_bridge]: Passing message from ROS geometry_msgs/msg/Twist to Gazebo gz.msgs.Twist (showing msg only once per type)
[ekf_node-9] [ERROR] [1767904993.873199323] [ekf_filter_node]: Failed to meet update rate! Took 0.043999999999999997446seconds. Try decreasing the rate, limiting sensor output frequency, or limiting the number of sensors.
