nohup: ignoring input
[INFO] [launch]: All log files can be found below /home/dark/.ros/log/2026-01-09-13-34-12-450649-dark-Inspiron-7936
[INFO] [launch]: Default logging verbosity is set to INFO
[INFO] [gazebo-1]: process started with pid [7955]
[INFO] [create-2]: process started with pid [7956]
[INFO] [parameter_bridge-3]: process started with pid [7958]
[INFO] [image_bridge-4]: process started with pid [7959]
[INFO] [relay-5]: process started with pid [7960]
[INFO] [robot_state_publisher-6]: process started with pid [7962]
[INFO] [static_transform_publisher-7]: process started with pid [7963]
[INFO] [static_transform_publisher-8]: process started with pid [7964]
[INFO] [ekf_node-9]: process started with pid [7965]
[static_transform_publisher-7] [WARN] [1767945853.243834498] [rcl]: ROS_LOCALHOST_ONLY is deprecated but still honored if it is enabled. Use ROS_AUTOMATIC_DISCOVERY_RANGE and ROS_STATIC_PEERS instead.
[static_transform_publisher-7] [WARN] [1767945853.243860561] [rcl]: 'localhost_only' is enabled, 'automatic_discovery_range' and 'static_peers' will be ignored.
[static_transform_publisher-8] [WARN] [1767945853.243918924] [rcl]: ROS_LOCALHOST_ONLY is deprecated but still honored if it is enabled. Use ROS_AUTOMATIC_DISCOVERY_RANGE and ROS_STATIC_PEERS instead.
[static_transform_publisher-8] [WARN] [1767945853.243949677] [rcl]: 'localhost_only' is enabled, 'automatic_discovery_range' and 'static_peers' will be ignored.
[relay-5] [WARN] [1767945853.243952431] [rcl]: ROS_LOCALHOST_ONLY is deprecated but still honored if it is enabled. Use ROS_AUTOMATIC_DISCOVERY_RANGE and ROS_STATIC_PEERS instead.
[relay-5] [WARN] [1767945853.243969295] [rcl]: 'localhost_only' is enabled, 'automatic_discovery_range' and 'static_peers' will be ignored.
[robot_state_publisher-6] [WARN] [1767945853.244205104] [rcl]: ROS_LOCALHOST_ONLY is deprecated but still honored if it is enabled. Use ROS_AUTOMATIC_DISCOVERY_RANGE and ROS_STATIC_PEERS instead.
[robot_state_publisher-6] [WARN] [1767945853.244220013] [rcl]: 'localhost_only' is enabled, 'automatic_discovery_range' and 'static_peers' will be ignored.
[static_transform_publisher-7] [WARN] [1767945853.245225046] []: Old-style arguments are deprecated; see --help for new-style arguments
[static_transform_publisher-8] [WARN] [1767945853.245591902] []: Old-style arguments are deprecated; see --help for new-style arguments
[ekf_node-9] [WARN] [1767945853.253072476] [rcl]: ROS_LOCALHOST_ONLY is deprecated but still honored if it is enabled. Use ROS_AUTOMATIC_DISCOVERY_RANGE and ROS_STATIC_PEERS instead.
[ekf_node-9] [WARN] [1767945853.253105828] [rcl]: 'localhost_only' is enabled, 'automatic_discovery_range' and 'static_peers' will be ignored.
[create-2] [WARN] [1767945853.263544429] [rcl]: ROS_LOCALHOST_ONLY is deprecated but still honored if it is enabled. Use ROS_AUTOMATIC_DISCOVERY_RANGE and ROS_STATIC_PEERS instead.
[create-2] [WARN] [1767945853.263581549] [rcl]: 'localhost_only' is enabled, 'automatic_discovery_range' and 'static_peers' will be ignored.
[parameter_bridge-3] [WARN] [1767945853.305356639] [rcl]: ROS_LOCALHOST_ONLY is deprecated but still honored if it is enabled. Use ROS_AUTOMATIC_DISCOVERY_RANGE and ROS_STATIC_PEERS instead.
[parameter_bridge-3] [WARN] [1767945853.305390122] [rcl]: 'localhost_only' is enabled, 'automatic_discovery_range' and 'static_peers' will be ignored.
[image_bridge-4] [WARN] [1767945853.324302359] [rcl]: ROS_LOCALHOST_ONLY is deprecated but still honored if it is enabled. Use ROS_AUTOMATIC_DISCOVERY_RANGE and ROS_STATIC_PEERS instead.
[image_bridge-4] [WARN] [1767945853.324353313] [rcl]: 'localhost_only' is enabled, 'automatic_discovery_range' and 'static_peers' will be ignored.
[static_transform_publisher-7] [INFO] [1767945853.352352968] [fix_gpu_lidar_frame]: Spinning until stopped - publishing transform
[static_transform_publisher-7] translation: ('0.000000', '0.000000', '0.000000')
[static_transform_publisher-7] rotation: ('0.000000', '0.000000', '0.000000', '1.000000')
[static_transform_publisher-7] from 'scan_link' to 'my_robot/base_footprint/gpu_lidar'
[create-2] [INFO] [1767945853.353022963] [ros_gz_sim]: Requesting list of world names.
[static_transform_publisher-8] [INFO] [1767945853.368822573] [map_to_odom_tf]: Spinning until stopped - publishing transform
[static_transform_publisher-8] translation: ('0.000000', '0.000000', '0.000000')
[static_transform_publisher-8] rotation: ('0.000000', '0.000000', '0.000000', '1.000000')
[static_transform_publisher-8] from 'map' to 'odom'
[robot_state_publisher-6] [INFO] [1767945853.376572696] [robot_state_publisher]: Robot initialized
[parameter_bridge-3] [INFO] [1767945853.384488829] [ros_gz_bridge]: Creating GZ->ROS Bridge: [/clock (gz.msgs.Clock) -> /clock (rosgraph_msgs/msg/Clock)] (Lazy 0)
[parameter_bridge-3] [INFO] [1767945853.388736880] [ros_gz_bridge]: Creating GZ->ROS Bridge: [/cmd_vel (gz.msgs.Twist) -> /cmd_vel (geometry_msgs/msg/Twist)] (Lazy 0)
[ekf_node-9] [INFO] [1767945853.394026056] [ekf_filter_node]: Detected a initial_estimate_covariance parameter with length 15. Assuming diagonal values specified.
[parameter_bridge-3] [INFO] [1767945853.397054460] [ros_gz_bridge]: Creating ROS->GZ Bridge: [/cmd_vel (geometry_msgs/msg/Twist) -> /cmd_vel (gz.msgs.Twist)] (Lazy 0)
[parameter_bridge-3] [INFO] [1767945853.399617893] [ros_gz_bridge]: Creating GZ->ROS Bridge: [/odom (gz.msgs.Odometry) -> /odom (nav_msgs/msg/Odometry)] (Lazy 0)
[parameter_bridge-3] [INFO] [1767945853.406551936] [ros_gz_bridge]: Creating ROS->GZ Bridge: [/odom (nav_msgs/msg/Odometry) -> /odom (gz.msgs.Odometry)] (Lazy 0)
[parameter_bridge-3] [INFO] [1767945853.410112955] [ros_gz_bridge]: Creating GZ->ROS Bridge: [/joint_states (gz.msgs.Model) -> /joint_states (sensor_msgs/msg/JointState)] (Lazy 0)
[parameter_bridge-3] [INFO] [1767945853.414943039] [ros_gz_bridge]: Creating ROS->GZ Bridge: [/joint_states (sensor_msgs/msg/JointState) -> /joint_states (gz.msgs.Model)] (Lazy 0)
[parameter_bridge-3] [INFO] [1767945853.419251108] [ros_gz_bridge]: Creating GZ->ROS Bridge: [/camera/camera_info (gz.msgs.CameraInfo) -> /camera/camera_info (sensor_msgs/msg/CameraInfo)] (Lazy 0)
[parameter_bridge-3] [INFO] [1767945853.422870119] [ros_gz_bridge]: Creating ROS->GZ Bridge: [/camera/camera_info (sensor_msgs/msg/CameraInfo) -> /camera/camera_info (gz.msgs.CameraInfo)] (Lazy 0)
[parameter_bridge-3] [INFO] [1767945853.425944644] [ros_gz_bridge]: Creating GZ->ROS Bridge: [/imu (gz.msgs.IMU) -> /imu (sensor_msgs/msg/Imu)] (Lazy 0)
[parameter_bridge-3] [INFO] [1767945853.430340407] [ros_gz_bridge]: Creating ROS->GZ Bridge: [/imu (sensor_msgs/msg/Imu) -> /imu (gz.msgs.IMU)] (Lazy 0)
[parameter_bridge-3] [INFO] [1767945853.434532956] [ros_gz_bridge]: Creating GZ->ROS Bridge: [/scan (gz.msgs.LaserScan) -> /scan (sensor_msgs/msg/LaserScan)] (Lazy 0)
[parameter_bridge-3] [INFO] [1767945853.438008206] [ros_gz_bridge]: Creating ROS->GZ Bridge: [/scan (sensor_msgs/msg/LaserScan) -> /scan (gz.msgs.LaserScan)] (Lazy 0)
[parameter_bridge-3] [INFO] [1767945853.442670495] [ros_gz_bridge]: Creating GZ->ROS Bridge: [/camera/depth_image (gz.msgs.Image) -> /camera/depth_image (sensor_msgs/msg/Image)] (Lazy 0)
[parameter_bridge-3] [INFO] [1767945853.447172942] [ros_gz_bridge]: Creating ROS->GZ Bridge: [/camera/depth_image (sensor_msgs/msg/Image) -> /camera/depth_image (gz.msgs.Image)] (Lazy 0)
[parameter_bridge-3] [INFO] [1767945853.450920510] [ros_gz_bridge]: Creating GZ->ROS Bridge: [/camera/points (gz.msgs.PointCloudPacked) -> /camera/points (sensor_msgs/msg/PointCloud2)] (Lazy 0)
[parameter_bridge-3] [INFO] [1767945853.455770756] [ros_gz_bridge]: Creating ROS->GZ Bridge: [/camera/points (sensor_msgs/msg/PointCloud2) -> /camera/points (gz.msgs.PointCloudPacked)] (Lazy 0)
[parameter_bridge-3] [INFO] [1767945853.459925466] [ros_gz_bridge]: Creating GZ->ROS Bridge: [/model/my_robot/odometry_with_covariance (gz.msgs.OdometryWithCovariance) -> /model/my_robot/odometry_with_covariance (nav_msgs/msg/Odometry)] (Lazy 0)
[create-2] [INFO] [1767945854.267702879] [ros_gz_sim]: Waiting messages on topic [robot_description].
[create-2] [INFO] [1767945854.282661820] [ros_gz_sim]: Entity creation successful.
[INFO] [create-2]: process has finished cleanly [pid 7956]
[parameter_bridge-3] [INFO] [1767945923.894330049] [ros_gz_bridge]: Passing message from ROS geometry_msgs/msg/Twist to Gazebo gz.msgs.Twist (showing msg only once per type)
